This is pdfTeX, Version 3.1415926-2.5-1.40.14 (TeX Live 2013/Debian) (format=pdflatex 2015.5.30)  24 APR 2016 14:15
entering extended mode
 restricted \write18 enabled.
 %&-line parsing enabled.
**tbc_book.tex
(./tbc_book.tex
LaTeX2e <2011/06/27>
Babel <3.9h> and hyphenation patterns for 2 languages loaded.
(/usr/share/texlive/texmf-dist/tex/latex/base/book.cls
Document Class: book 2007/10/19 v1.4h Standard LaTeX document class
(/usr/share/texlive/texmf-dist/tex/latex/base/bk11.clo
File: bk11.clo 2007/10/19 v1.4h Standard LaTeX file (size option)
)
\c@part=\count79
\c@chapter=\count80
\c@section=\count81
\c@subsection=\count82
\c@subsubsection=\count83
\c@paragraph=\count84
\c@subparagraph=\count85
\c@figure=\count86
\c@table=\count87
\abovecaptionskip=\skip41
\belowcaptionskip=\skip42
\bibindent=\dimen102
)
(/usr/share/texlive/texmf-dist/tex/latex/graphics/color.sty
Package: color 2005/11/14 v1.0j Standard LaTeX Color (DPC)

(/usr/share/texlive/texmf-dist/tex/latex/latexconfig/color.cfg
File: color.cfg 2007/01/18 v1.5 color configuration of teTeX/TeXLive
)
Package color Info: Driver file: pdftex.def on input line 130.

(/usr/share/texlive/texmf-dist/tex/latex/pdftex-def/pdftex.def
File: pdftex.def 2011/05/27 v0.06d Graphics/color for pdfTeX

(/usr/share/texlive/texmf-dist/tex/generic/oberdiek/infwarerr.sty
Package: infwarerr 2010/04/08 v1.3 Providing info/warning/error messages (HO)
)
(/usr/share/texlive/texmf-dist/tex/generic/oberdiek/ltxcmds.sty
Package: ltxcmds 2011/11/09 v1.22 LaTeX kernel commands for general use (HO)
)
\Gread@gobject=\count88
))
(/usr/share/texlive/texmf-dist/tex/latex/layouts/layouts.sty
Package: layouts 2009/09/02 v2.6d graphical depiction of document elements
\l@ylen=\skip43
\layoutsbox=\box26
\l@youtunitlength=\skip44
\l@youtlinethick=\skip45
\l@youtlinethickii=\skip46
\l@ysetupparskip=\skip47
\l@ysetupbaselineskip=\skip48
\l@yonem=\skip49
\l@yonex=\skip50
\l@ylmarg=\skip51
\l@yrmarg=\skip52
\l@yitmindent=\skip53
\l@ylblwidth=\skip54
\l@ylblsep=\skip55
\l@ylparindent=\skip56
\l@ytsep=\skip57
\l@ypskip=\skip58
\l@yptsep=\skip59
\l@ypsep=\skip60
\l@yitmsep=\skip61
\l@ytok=\toks14
\l@youtpw=\count89
\l@youtph=\count90
\l@youthpi=\count91
\l@youthpii=\count92
\l@youthpiii=\count93
\l@youthpiv=\count94
\l@youthpv=\count95
\l@youthpvi=\count96
\l@youthpvii=\count97
\l@youtparskip=\count98
\l@youtvpi=\count99
\l@youtvpii=\count100
\l@youtvpiii=\count101
\l@youtvpiv=\count102
\l@youtvpv=\count103
\l@youtvpvi=\count104
\l@youtvpvii=\count105
\l@youthdo=\count106
\l@youthdi=\count107
\l@youthdii=\count108
\l@youthdiii=\count109
\l@youthdiv=\count110
\l@youthdv=\count111
\l@youthdvi=\count112
\l@youthdvii=\count113
\l@youtvdo=\count114
\l@youtvdi=\count115
\l@youtvdii=\count116
\l@youtvdiii=\count117
\l@youtvdiv=\count118
\l@youtvdv=\count119
\l@youtvdvi=\count120
\l@youtvdvii=\count121
\l@youtvdviii=\count122
\l@youtxci=\count123
\l@youtxcii=\count124
\l@youtxciii=\count125
\l@youtxciv=\count126
\l@youtxcv=\count127
\l@youtxcvi=\count128
\l@youtyci=\count129
\l@youtycii=\count130
\l@youtyciii=\count131
\l@youtyciv=\count132
\l@youtycv=\count133
\l@youtycvi=\count134
\l@youtycvii=\count135
\l@youtycviii=\count136
\l@youtxco=\count137
\l@youtyco=\count138
\l@ytempdima=\skip62
\stockwidth=\skip63
\stockheight=\skip64
\trimedge=\skip65
\trimtop=\skip66
\uppermargin=\skip67
\spinemargin=\skip68
)
(/usr/share/texlive/texmf-dist/tex/latex/cclicenses/cclicenses.sty
Package: cclicenses 2005/05/20 v0.4 CC licenses typesetting

(/usr/share/texlive/texmf-dist/tex/latex/rotating/rotating.sty
Package: rotating 2009/03/28 v2.16a rotated objects in LaTeX

(/usr/share/texlive/texmf-dist/tex/latex/graphics/graphicx.sty
Package: graphicx 1999/02/16 v1.0f Enhanced LaTeX Graphics (DPC,SPQR)

(/usr/share/texlive/texmf-dist/tex/latex/graphics/keyval.sty
Package: keyval 1999/03/16 v1.13 key=value parser (DPC)
\KV@toks@=\toks15
)
(/usr/share/texlive/texmf-dist/tex/latex/graphics/graphics.sty
Package: graphics 2009/02/05 v1.0o Standard LaTeX Graphics (DPC,SPQR)

(/usr/share/texlive/texmf-dist/tex/latex/graphics/trig.sty
Package: trig 1999/03/16 v1.09 sin cos tan (DPC)
)
(/usr/share/texlive/texmf-dist/tex/latex/latexconfig/graphics.cfg
File: graphics.cfg 2010/04/23 v1.9 graphics configuration of TeX Live
)
Package graphics Info: Driver file: pdftex.def on input line 91.
)
\Gin@req@height=\dimen103
\Gin@req@width=\dimen104
)
(/usr/share/texlive/texmf-dist/tex/latex/base/ifthen.sty
Package: ifthen 2001/05/26 v1.1c Standard LaTeX ifthen package (DPC)
)
\c@r@tfl@t=\count139
\rotFPtop=\skip69
\rotFPbot=\skip70
\rot@float@box=\box27
\rot@mess@toks=\toks16
)
\chardim=\dimen105
\hdim=\dimen106
\htmp=\dimen107
\hpos=\count140
\vpos=\count141
)
(/usr/share/texlive/texmf-dist/tex/latex/morefloats/morefloats.sty
Package: morefloats 2012/01/28 v1.0f Raise limit of unprocessed floats (HMM; DH
)

(/usr/share/texlive/texmf-dist/tex/latex/oberdiek/kvoptions.sty
Package: kvoptions 2011/06/30 v3.11 Key value format for package options (HO)

(/usr/share/texlive/texmf-dist/tex/generic/oberdiek/kvsetkeys.sty
Package: kvsetkeys 2012/04/25 v1.16 Key value parser (HO)

(/usr/share/texlive/texmf-dist/tex/generic/oberdiek/etexcmds.sty
Package: etexcmds 2011/02/16 v1.5 Avoid name clashes with e-TeX commands (HO)

(/usr/share/texlive/texmf-dist/tex/generic/oberdiek/ifluatex.sty
Package: ifluatex 2010/03/01 v1.3 Provides the ifluatex switch (HO)
Package ifluatex Info: LuaTeX not detected.
)
Package etexcmds Info: Could not find \expanded.
(etexcmds)             That can mean that you are not using pdfTeX 1.50 or
(etexcmds)             that some package has redefined \expanded.
(etexcmds)             In the latter case, load this package earlier.
)))
Package morefloats Info: Maximum number of possible floats asked for: 36.
(morefloats)             LaTeX might run out of memory before this
(morefloats)             (in which case it will notify you).
(morefloats)              on input line 171.
\bx@S=\insert233
\bx@T=\insert232
\bx@U=\insert231
\bx@V=\insert230
\bx@W=\insert229
\bx@X=\insert228
\bx@Y=\insert227
\bx@Z=\insert226
\bx@AA=\insert225
\bx@AB=\insert224
\bx@AC=\insert223
\bx@AD=\insert222
\bx@AE=\insert221
\bx@AF=\insert220
\bx@AG=\insert219
\bx@AH=\insert218
\bx@AI=\insert217
\bx@AJ=\insert216
)
(/usr/share/texlive/texmf-dist/tex/latex/paralist/paralist.sty
Package: paralist 2013/06/09 v2.4 Extended list environments
\pltopsep=\skip71
\plpartopsep=\skip72
\plitemsep=\skip73
\plparsep=\skip74
\pl@lab=\toks17
)
(/usr/share/texlive/texmf-dist/tex/latex/chngcntr/chngcntr.sty
Package: chngcntr 2009/09/02 v1.0a change counter resetting
)
(/usr/share/texlive/texmf-dist/tex/latex/fancyhdr/fancyhdr.sty
\fancy@headwidth=\skip75
\f@ncyO@elh=\skip76
\f@ncyO@erh=\skip77
\f@ncyO@olh=\skip78
\f@ncyO@orh=\skip79
\f@ncyO@elf=\skip80
\f@ncyO@erf=\skip81
\f@ncyO@olf=\skip82
\f@ncyO@orf=\skip83
)
(/usr/share/texlive/texmf-dist/tex/latex/amsmath/amsmath.sty
Package: amsmath 2013/01/14 v2.14 AMS math features
\@mathmargin=\skip84

For additional information on amsmath, use the `?' option.
(/usr/share/texlive/texmf-dist/tex/latex/amsmath/amstext.sty
Package: amstext 2000/06/29 v2.01

(/usr/share/texlive/texmf-dist/tex/latex/amsmath/amsgen.sty
File: amsgen.sty 1999/11/30 v2.0
\@emptytoks=\toks18
\ex@=\dimen108
))
(/usr/share/texlive/texmf-dist/tex/latex/amsmath/amsbsy.sty
Package: amsbsy 1999/11/29 v1.2d
\pmbraise@=\dimen109
)
(/usr/share/texlive/texmf-dist/tex/latex/amsmath/amsopn.sty
Package: amsopn 1999/12/14 v2.01 operator names
)
\inf@bad=\count142
LaTeX Info: Redefining \frac on input line 210.
\uproot@=\count143
\leftroot@=\count144
LaTeX Info: Redefining \overline on input line 306.
\classnum@=\count145
\DOTSCASE@=\count146
LaTeX Info: Redefining \ldots on input line 378.
LaTeX Info: Redefining \dots on input line 381.
LaTeX Info: Redefining \cdots on input line 466.
\Mathstrutbox@=\box28
\strutbox@=\box29
\big@size=\dimen110
LaTeX Font Info:    Redeclaring font encoding OML on input line 566.
LaTeX Font Info:    Redeclaring font encoding OMS on input line 567.
\macc@depth=\count147
\c@MaxMatrixCols=\count148
\dotsspace@=\muskip10
\c@parentequation=\count149
\dspbrk@lvl=\count150
\tag@help=\toks19
\row@=\count151
\column@=\count152
\maxfields@=\count153
\andhelp@=\toks20
\eqnshift@=\dimen111
\alignsep@=\dimen112
\tagshift@=\dimen113
\tagwidth@=\dimen114
\totwidth@=\dimen115
\lineht@=\dimen116
\@envbody=\toks21
\multlinegap=\skip85
\multlinetaggap=\skip86
\mathdisplay@stack=\toks22
LaTeX Info: Redefining \[ on input line 2665.
LaTeX Info: Redefining \] on input line 2666.
)
(/usr/share/texlive/texmf-dist/tex/latex/base/makeidx.sty
Package: makeidx 2000/03/29 v1.0m Standard LaTeX package
)
(/usr/share/texlive/texmf-dist/tex/latex/fancybox/fancybox.sty
Package: fancybox 2010/05/15 1.4

Style option: `fancybox' v1.4 <2010/05/15> (tvz)
\@fancybox=\box30
\shadowsize=\dimen117
\@Sbox=\box31
\do@VerbBox=\toks23
\the@fancyput=\toks24
\this@fancyput=\toks25
\EndVerbatimTokens=\toks26
\Verbatim@Outfile=\write3
\Verbatim@Infile=\read1
) (/usr/share/texlive/texmf-dist/tex/latex/url/url.sty
\Urlmuskip=\muskip11
Package: url 2013/09/16  ver 3.4  Verb mode for urls, etc.
)
(/usr/share/texlive/texmf-dist/tex/latex/cite/cite.sty
LaTeX Info: Redefining \cite on input line 302.
LaTeX Info: Redefining \nocite on input line 373.
Package: cite 2010/09/10  v 5.3
)
(/usr/share/texlive/texmf-dist/tex/latex/subfig/subfig.sty
Package: subfig 2005/06/28 ver: 1.3 subfig package

(/usr/share/texlive/texmf-dist/tex/latex/caption/caption.sty
Package: caption 2013/05/02 v3.3-89 Customizing captions (AR)

(/usr/share/texlive/texmf-dist/tex/latex/caption/caption3.sty
Package: caption3 2013/05/02 v1.6-88 caption3 kernel (AR)
Package caption3 Info: TeX engine: e-TeX on input line 57.
\captionmargin=\dimen118
\captionmargin@=\dimen119
\captionwidth=\dimen120
\caption@tempdima=\dimen121
\caption@indent=\dimen122
\caption@parindent=\dimen123
\caption@hangindent=\dimen124
)
\c@ContinuedFloat=\count154
Package caption Info: rotating package is loaded.
)
\c@KVtest=\count155
\sf@farskip=\skip87
\sf@captopadj=\dimen125
\sf@capskip=\skip88
\sf@nearskip=\skip89
\c@subfigure=\count156
\c@subfigure@save=\count157
\c@lofdepth=\count158
\c@subtable=\count159
\c@subtable@save=\count160
\c@lotdepth=\count161
\sf@top=\skip90
\sf@bottom=\skip91
)
(/usr/share/texlive/texmf-dist/tex/latex/listings/listings.sty
\lst@mode=\count162
\lst@gtempboxa=\box32
\lst@token=\toks27
\lst@length=\count163
\lst@currlwidth=\dimen126
\lst@column=\count164
\lst@pos=\count165
\lst@lostspace=\dimen127
\lst@width=\dimen128
\lst@newlines=\count166
\lst@lineno=\count167
\lst@maxwidth=\dimen129

(/usr/share/texlive/texmf-dist/tex/latex/listings/lstmisc.sty
File: lstmisc.sty 2013/08/26 1.5b (Carsten Heinz)
\c@lstnumber=\count168
\lst@skipnumbers=\count169
\lst@framebox=\box33
)
(/usr/share/texlive/texmf-dist/tex/latex/listings/listings.cfg
File: listings.cfg 2013/08/26 1.5b listings configuration
))
Package: listings 2013/08/26 1.5b (Carsten Heinz)

(/usr/share/texlive/texmf-dist/tex/latex/tools/varioref.sty
Package: varioref 2011/10/02 v1.4z package for extended references (FMi)
\c@vrcnt=\count170
)
\@indexfile=\write4
\openout4 = `tbc_book.idx'.


Writing index file tbc_book.idx
(./tbc_book.aux

LaTeX Warning: Label `searchbox' multiply defined.


LaTeX Warning: Label `blocks' multiply defined.


LaTeX Warning: Label `edges' multiply defined.


LaTeX Warning: Label `paraview1' multiply defined.


LaTeX Warning: Label `geometry' multiply defined.


LaTeX Warning: Label `paraview1' multiply defined.


LaTeX Warning: Label `geometry' multiply defined.


LaTeX Warning: Label `mesh' multiply defined.


LaTeX Warning: Label `mesh' multiply defined.


LaTeX Warning: Label `boundary' multiply defined.


LaTeX Warning: Label `geom' multiply defined.


LaTeX Warning: Label `vel' multiply defined.


LaTeX Warning: Label `geom' multiply defined.


LaTeX Warning: Label `surf1' multiply defined.


LaTeX Warning: Label `wall' multiply defined.


LaTeX Warning: Label `wall' multiply defined.


LaTeX Warning: Label `wall' multiply defined.

)
\openout1 = `tbc_book.aux'.

LaTeX Font Info:    Checking defaults for OML/cmm/m/it on input line 67.
LaTeX Font Info:    ... okay on input line 67.
LaTeX Font Info:    Checking defaults for T1/cmr/m/n on input line 67.
LaTeX Font Info:    ... okay on input line 67.
LaTeX Font Info:    Checking defaults for OT1/cmr/m/n on input line 67.
LaTeX Font Info:    ... okay on input line 67.
LaTeX Font Info:    Checking defaults for OMS/cmsy/m/n on input line 67.
LaTeX Font Info:    ... okay on input line 67.
LaTeX Font Info:    Checking defaults for OMX/cmex/m/n on input line 67.
LaTeX Font Info:    ... okay on input line 67.
LaTeX Font Info:    Checking defaults for U/cmr/m/n on input line 67.
LaTeX Font Info:    ... okay on input line 67.
 (/usr/share/texlive/texmf-dist/tex/context/base/supp-pdf.mkii
[Loading MPS to PDF converter (version 2006.09.02).]
\scratchcounter=\count171
\scratchdimen=\dimen130
\scratchbox=\box34
\nofMPsegments=\count172
\nofMParguments=\count173
\everyMPshowfont=\toks28
\MPscratchCnt=\count174
\MPscratchDim=\dimen131
\MPnumerator=\count175
\makeMPintoPDFobject=\count176
\everyMPtoPDFconversion=\toks29
)

Package layouts Warning: Layout scale set to 0.5 on input line 67.

(/usr/share/texlive/texmf-dist/tex/generic/oberdiek/pdftexcmds.sty
Package: pdftexcmds 2011/11/29 v0.20 Utility functions of pdfTeX for LuaTeX (HO
)

(/usr/share/texlive/texmf-dist/tex/generic/oberdiek/ifpdf.sty
Package: ifpdf 2011/01/30 v2.3 Provides the ifpdf switch (HO)
Package ifpdf Info: pdfTeX in PDF mode is detected.
)
Package pdftexcmds Info: LuaTeX not detected.
Package pdftexcmds Info: \pdf@primitive is available.
Package pdftexcmds Info: \pdf@ifprimitive is available.
Package pdftexcmds Info: \pdfdraftmode found.
)
(/usr/share/texlive/texmf-dist/tex/latex/oberdiek/epstopdf-base.sty
Package: epstopdf-base 2010/02/09 v2.5 Base part for package epstopdf

(/usr/share/texlive/texmf-dist/tex/latex/oberdiek/grfext.sty
Package: grfext 2010/08/19 v1.1 Manage graphics extensions (HO)

(/usr/share/texlive/texmf-dist/tex/generic/oberdiek/kvdefinekeys.sty
Package: kvdefinekeys 2011/04/07 v1.3 Define keys (HO)
))
Package grfext Info: Graphics extension search list:
(grfext)             [.png,.pdf,.jpg,.mps,.jpeg,.jbig2,.jb2,.PNG,.PDF,.JPG,.JPE
G,.JBIG2,.JB2,.eps]
(grfext)             \AppendGraphicsExtensions on input line 452.

(/usr/share/texlive/texmf-dist/tex/latex/latexconfig/epstopdf-sys.cfg
File: epstopdf-sys.cfg 2010/07/13 v1.3 Configuration of (r)epstopdf for TeX Liv
e
))
Package caption Info: Begin \AtBeginDocument code.
Package caption Info: subfig package v1.3 is loaded.
Package caption Info: listings package is loaded.
Package caption Info: End \AtBeginDocument code.
\c@lstlisting=\count177

(./tbc_book.toc [1



{/var/lib/texmf/fonts/map/pdftex/updmap/pdftex.map}])
\tf@toc=\write5
\openout5 = `tbc_book.toc'.


[2] (./tbc_book.lof [3

] [4])
\tf@lof=\write6
\openout6 = `tbc_book.lof'.

 [5] [6

] (./tbc_book.lot)
\tf@lot=\write7
\openout7 = `tbc_book.lot'.

 [7] [8

]
(./CHAPTERS/chap1/chapter1.tex
Chapter 1.

</home/rahul/Desktop/cfd_fossee_book/book/cfd-openfoam/CHAPTERS/chap1/figures/d
ash.png, id=32, 63.23625pt x 61.22874pt>
File: /home/rahul/Desktop/cfd_fossee_book/book/cfd-openfoam/CHAPTERS/chap1/figu
res/dash.png Graphic file (type png)

<use /home/rahul/Desktop/cfd_fossee_book/book/cfd-openfoam/CHAPTERS/chap1/figur
es/dash.png>
Package pdftex.def Info: /home/rahul/Desktop/cfd_fossee_book/book/cfd-openfoam/
CHAPTERS/chap1/figures/dash.png used on input line 18.
(pdftex.def)             Requested size: 47.42706pt x 45.92143pt.

</home/rahul/Desktop/cfd_fossee_book/book/cfd-openfoam/CHAPTERS/chap1/figures/p
assword.png, id=33, 641.39626pt x 229.85875pt>
File: /home/rahul/Desktop/cfd_fossee_book/book/cfd-openfoam/CHAPTERS/chap1/figu
res/password.png Graphic file (type png)

<use /home/rahul/Desktop/cfd_fossee_book/book/cfd-openfoam/CHAPTERS/chap1/figur
es/password.png>
Package pdftex.def Info: /home/rahul/Desktop/cfd_fossee_book/book/cfd-openfoam/
CHAPTERS/chap1/figures/password.png used on input line 28.
(pdftex.def)             Requested size: 288.62564pt x 103.43547pt.


LaTeX Warning: `h' float specifier changed to `ht'.

[1

 </home/rahul/Desktop/cfd_fossee_book/book/cfd-openfoam/CHAPTERS/chap1/figures/
dash.png>]
</home/rahul/Desktop/cfd_fossee_book/book/cfd-openfoam/CHAPTERS/chap1/figures/s
earchbox.png, id=37, 799.98875pt x 89.33376pt>
File: /home/rahul/Desktop/cfd_fossee_book/book/cfd-openfoam/CHAPTERS/chap1/figu
res/searchbox.png Graphic file (type png)

<use /home/rahul/Desktop/cfd_fossee_book/book/cfd-openfoam/CHAPTERS/chap1/figur
es/searchbox.png>
Package pdftex.def Info: /home/rahul/Desktop/cfd_fossee_book/book/cfd-openfoam/
CHAPTERS/chap1/figures/searchbox.png used on input line 38.
(pdftex.def)             Requested size: 319.98984pt x 35.73286pt.

</home/rahul/Desktop/cfd_fossee_book/book/cfd-openfoam/CHAPTERS/chap1/figures/m
ark.png, id=38, 1109.14375pt x 252.945pt>
File: /home/rahul/Desktop/cfd_fossee_book/book/cfd-openfoam/CHAPTERS/chap1/figu
res/mark.png Graphic file (type png)

<use /home/rahul/Desktop/cfd_fossee_book/book/cfd-openfoam/CHAPTERS/chap1/figur
es/mark.png>
Package pdftex.def Info: /home/rahul/Desktop/cfd_fossee_book/book/cfd-openfoam/
CHAPTERS/chap1/figures/mark.png used on input line 49.
(pdftex.def)             Requested size: 388.20613pt x 88.53207pt.
LaTeX Font Info:    Try loading font information for OMS+cmr on input line 59.
 (/usr/share/texlive/texmf-dist/tex/latex/base/omscmr.fd
File: omscmr.fd 1999/05/25 v2.5h Standard LaTeX font definitions
)
LaTeX Font Info:    Font shape `OMS/cmr/m/n' in size <10.95> not available
(Font)              Font shape `OMS/cmsy/m/n' tried instead on input line 59.
 [2 </home/rahul/Desktop/cfd_fossee_book/book/cfd-openfoam/CHAPTERS/chap1/figur
es/password.png> </home/rahul/Desktop/cfd_fossee_book/book/cfd-openfoam/CHAPTER
S/chap1/figures/searchbox.png> </home/rahul/Desktop/cfd_fossee_book/book/cfd-op
enfoam/CHAPTERS/chap1/figures/mark.png>]
</home/rahul/Desktop/cfd_fossee_book/book/cfd-openfoam/CHAPTERS/chap1/figures/t
erminal.png, id=42, 749.80125pt x 464.73625pt>
File: /home/rahul/Desktop/cfd_fossee_book/book/cfd-openfoam/CHAPTERS/chap1/figu
res/terminal.png Graphic file (type png)

<use /home/rahul/Desktop/cfd_fossee_book/book/cfd-openfoam/CHAPTERS/chap1/figur
es/terminal.png>
Package pdftex.def Info: /home/rahul/Desktop/cfd_fossee_book/book/cfd-openfoam/
CHAPTERS/chap1/figures/terminal.png used on input line 67.
(pdftex.def)             Requested size: 209.94292pt x 130.12526pt.
 [3 </home/rahul/Desktop/cfd_fossee_book/book/cfd-openfoam/CHAPTERS/chap1/figur
es/terminal.png>]
</home/rahul/Desktop/cfd_fossee_book/book/cfd-openfoam/CHAPTERS/chap1/figures/u
sage.png, id=48, 749.80125pt x 399.4925pt>
File: /home/rahul/Desktop/cfd_fossee_book/book/cfd-openfoam/CHAPTERS/chap1/figu
res/usage.png Graphic file (type png)

<use /home/rahul/Desktop/cfd_fossee_book/book/cfd-openfoam/CHAPTERS/chap1/figur
es/usage.png>
Package pdftex.def Info: /home/rahul/Desktop/cfd_fossee_book/book/cfd-openfoam/
CHAPTERS/chap1/figures/usage.png used on input line 99.
(pdftex.def)             Requested size: 374.8997pt x 199.74576pt.


LaTeX Warning: Command \textunderscore invalid in math mode on input line 108.

[4 </home/rahul/Desktop/cfd_fossee_book/book/cfd-openfoam/CHAPTERS/chap1/figure
s/usage.png>]
</home/rahul/Desktop/cfd_fossee_book/book/cfd-openfoam/CHAPTERS/chap1/figures/g
eometry1.png, id=52, 877.2775pt x 552.0625pt>
File: /home/rahul/Desktop/cfd_fossee_book/book/cfd-openfoam/CHAPTERS/chap1/figu
res/geometry1.png Graphic file (type png)

<use /home/rahul/Desktop/cfd_fossee_book/book/cfd-openfoam/CHAPTERS/chap1/figur
es/geometry1.png>
Package pdftex.def Info: /home/rahul/Desktop/cfd_fossee_book/book/cfd-openfoam/
CHAPTERS/chap1/figures/geometry1.png used on input line 124.
(pdftex.def)             Requested size: 263.18527pt x 165.62003pt.

</home/rahul/Desktop/cfd_fossee_book/book/cfd-openfoam/CHAPTERS/chap1/figures/b
lockMesh.png, id=53, 676.5275pt x 681.54625pt>
File: /home/rahul/Desktop/cfd_fossee_book/book/cfd-openfoam/CHAPTERS/chap1/figu
res/blockMesh.png Graphic file (type png)

<use /home/rahul/Desktop/cfd_fossee_book/book/cfd-openfoam/CHAPTERS/chap1/figur
es/blockMesh.png>
Package pdftex.def Info: /home/rahul/Desktop/cfd_fossee_book/book/cfd-openfoam/
CHAPTERS/chap1/figures/blockMesh.png used on input line 139.
(pdftex.def)             Requested size: 202.95981pt x 204.46545pt.
 [5 </home/rahul/Desktop/cfd_fossee_book/book/cfd-openfoam/CHAPTERS/chap1/figur
es/geometry1.png>]
</home/rahul/Desktop/cfd_fossee_book/book/cfd-openfoam/CHAPTERS/chap1/figures/s
olver.png, id=58, 673.51625pt x 679.53876pt>
File: /home/rahul/Desktop/cfd_fossee_book/book/cfd-openfoam/CHAPTERS/chap1/figu
res/solver.png Graphic file (type png)

<use /home/rahul/Desktop/cfd_fossee_book/book/cfd-openfoam/CHAPTERS/chap1/figur
es/solver.png>
Package pdftex.def Info: /home/rahul/Desktop/cfd_fossee_book/book/cfd-openfoam/
CHAPTERS/chap1/figures/solver.png used on input line 155.
(pdftex.def)             Requested size: 202.05643pt x 203.8632pt.

</home/rahul/Desktop/cfd_fossee_book/book/cfd-openfoam/CHAPTERS/chap1/figures/p
araview.png, id=59, 1024.82875pt x 695.59875pt>
File: /home/rahul/Desktop/cfd_fossee_book/book/cfd-openfoam/CHAPTERS/chap1/figu
res/paraview.png Graphic file (type png)

<use /home/rahul/Desktop/cfd_fossee_book/book/cfd-openfoam/CHAPTERS/chap1/figur
es/paraview.png>
Package pdftex.def Info: /home/rahul/Desktop/cfd_fossee_book/book/cfd-openfoam/
CHAPTERS/chap1/figures/paraview.png used on input line 168.
(pdftex.def)             Requested size: 327.9519pt x 222.59615pt.

</home/rahul/Desktop/cfd_fossee_book/book/cfd-openfoam/CHAPTERS/chap1/figures/g
eometry.png, id=60, 1020.81375pt x 696.6025pt>
File: /home/rahul/Desktop/cfd_fossee_book/book/cfd-openfoam/CHAPTERS/chap1/figu
res/geometry.png Graphic file (type png)

<use /home/rahul/Desktop/cfd_fossee_book/book/cfd-openfoam/CHAPTERS/chap1/figur
es/geometry.png>
Package pdftex.def Info: /home/rahul/Desktop/cfd_fossee_book/book/cfd-openfoam/
CHAPTERS/chap1/figures/geometry.png used on input line 178.
(pdftex.def)             Requested size: 326.66707pt x 222.91734pt.
) (./CHAPTERS/chap2/chapter2.tex [6 </home/rahul/Desktop/cfd_fossee_book/book/c
fd-openfoam/CHAPTERS/chap1/figures/blockMesh.png>]

LaTeX Warning: Text page 7 contains only floats.

[7 </home/rahul/Desktop/cfd_fossee_book/book/cfd-openfoam/CHAPTERS/chap1/figure
s/solver.png> </home/rahul/Desktop/cfd_fossee_book/book/cfd-openfoam/CHAPTERS/c
hap1/figures/paraview.png>] [8 </home/rahul/Desktop/cfd_fossee_book/book/cfd-op
enfoam/CHAPTERS/chap1/figures/geometry.png>]
Chapter 2.
Missing character: There is no ‚ in font cmr10!
Missing character: There is no Ä in font cmr10!
Missing character: There is no ú in font cmr10!
Missing character: There is no ‚ in font cmr10!
Missing character: There is no Ä in font cmr10!
Missing character: There is no ù in font cmr10!
LaTeX Font Info:    Font shape `OMS/cmr/m/n' in size <10> not available
(Font)              Font shape `OMS/cmsy/m/n' tried instead on input line 15.
[9

]
</home/rahul/Desktop/cfd_fossee_book/book/cfd-openfoam/CHAPTERS/chap2/figures/g
eometry1.png, id=73, 877.2775pt x 552.0625pt>
File: /home/rahul/Desktop/cfd_fossee_book/book/cfd-openfoam/CHAPTERS/chap2/figu
res/geometry1.png Graphic file (type png)

<use /home/rahul/Desktop/cfd_fossee_book/book/cfd-openfoam/CHAPTERS/chap2/figur
es/geometry1.png>
Package pdftex.def Info: /home/rahul/Desktop/cfd_fossee_book/book/cfd-openfoam/
CHAPTERS/chap2/figures/geometry1.png used on input line 32.
(pdftex.def)             Requested size: 280.73453pt x 176.6636pt.
Missing character: There is no ‚ in font cmr10!
Missing character: There is no Ä in font cmr10!
Missing character: There is no ú in font cmr10!
Missing character: There is no ‚ in font cmr10!
Missing character: There is no Ä in font cmr10!
Missing character: There is no ù in font cmr10!
 [10 </home/rahul/Desktop/cfd_fossee_book/book/cfd-openfoam/CHAPTERS/chap2/figu
res/geometry1.png>]
</home/rahul/Desktop/cfd_fossee_book/book/cfd-openfoam/CHAPTERS/chap2/figures/v
ertices.png, id=77, 156.585pt x 206.7725pt>
File: /home/rahul/Desktop/cfd_fossee_book/book/cfd-openfoam/CHAPTERS/chap2/figu
res/vertices.png Graphic file (type png)

<use /home/rahul/Desktop/cfd_fossee_book/book/cfd-openfoam/CHAPTERS/chap2/figur
es/vertices.png>
Package pdftex.def Info: /home/rahul/Desktop/cfd_fossee_book/book/cfd-openfoam/
CHAPTERS/chap2/figures/vertices.png used on input line 55.
(pdftex.def)             Requested size: 103.3464pt x 136.47026pt.

</home/rahul/Desktop/cfd_fossee_book/book/cfd-openfoam/CHAPTERS/chap2/figures/b
locks.png, id=78, 549.05125pt x 81.30376pt>
File: /home/rahul/Desktop/cfd_fossee_book/book/cfd-openfoam/CHAPTERS/chap2/figu
res/blocks.png Graphic file (type png)

<use /home/rahul/Desktop/cfd_fossee_book/book/cfd-openfoam/CHAPTERS/chap2/figur
es/blocks.png>
Package pdftex.def Info: /home/rahul/Desktop/cfd_fossee_book/book/cfd-openfoam/
CHAPTERS/chap2/figures/blocks.png used on input line 65.
(pdftex.def)             Requested size: 362.37494pt x 53.66063pt.

</home/rahul/Desktop/cfd_fossee_book/book/cfd-openfoam/CHAPTERS/chap2/figures/e
dges.png, id=79, 64.24pt x 57.21375pt>
File: /home/rahul/Desktop/cfd_fossee_book/book/cfd-openfoam/CHAPTERS/chap2/figu
res/edges.png Graphic file (type png)

<use /home/rahul/Desktop/cfd_fossee_book/book/cfd-openfoam/CHAPTERS/chap2/figur
es/edges.png>
Package pdftex.def Info: /home/rahul/Desktop/cfd_fossee_book/book/cfd-openfoam/
CHAPTERS/chap2/figures/edges.png used on input line 75.
(pdftex.def)             Requested size: 42.39851pt x 37.76117pt.
 [11 </home/rahul/Desktop/cfd_fossee_book/book/cfd-openfoam/CHAPTERS/chap2/figu
res/vertices.png> </home/rahul/Desktop/cfd_fossee_book/book/cfd-openfoam/CHAPTE
RS/chap2/figures/blocks.png>]
</home/rahul/Desktop/cfd_fossee_book/book/cfd-openfoam/CHAPTERS/chap2/figures/b
oundary.png, id=84, 797.98125pt x 558.085pt>
File: /home/rahul/Desktop/cfd_fossee_book/book/cfd-openfoam/CHAPTERS/chap2/figu
res/boundary.png Graphic file (type png)

<use /home/rahul/Desktop/cfd_fossee_book/book/cfd-openfoam/CHAPTERS/chap2/figur
es/boundary.png>
Package pdftex.def Info: /home/rahul/Desktop/cfd_fossee_book/book/cfd-openfoam/
CHAPTERS/chap2/figures/boundary.png used on input line 89.
(pdftex.def)             Requested size: 359.08824pt x 251.13593pt.
 [12 </home/rahul/Desktop/cfd_fossee_book/book/cfd-openfoam/CHAPTERS/chap2/figu
res/edges.png> </home/rahul/Desktop/cfd_fossee_book/book/cfd-openfoam/CHAPTERS/
chap2/figures/boundary.png>]
</home/rahul/Desktop/cfd_fossee_book/book/cfd-openfoam/CHAPTERS/chap2/figures/b
oundary_name.png, id=88, 278.03876pt x 552.0625pt>
File: /home/rahul/Desktop/cfd_fossee_book/book/cfd-openfoam/CHAPTERS/chap2/figu
res/boundary_name.png Graphic file (type png)

<use /home/rahul/Desktop/cfd_fossee_book/book/cfd-openfoam/CHAPTERS/chap2/figur
es/boundary_name.png>
Package pdftex.def Info: /home/rahul/Desktop/cfd_fossee_book/book/cfd-openfoam/
CHAPTERS/chap2/figures/boundary_name.png used on input line 99.
(pdftex.def)             Requested size: 183.50613pt x 364.36237pt.

</home/rahul/Desktop/cfd_fossee_book/book/cfd-openfoam/CHAPTERS/chap2/figures/m
erge.png, id=89, 156.585pt x 61.22874pt>
File: /home/rahul/Desktop/cfd_fossee_book/book/cfd-openfoam/CHAPTERS/chap2/figu
res/merge.png Graphic file (type png)

<use /home/rahul/Desktop/cfd_fossee_book/book/cfd-openfoam/CHAPTERS/chap2/figur
es/merge.png>
Package pdftex.def Info: /home/rahul/Desktop/cfd_fossee_book/book/cfd-openfoam/
CHAPTERS/chap2/figures/merge.png used on input line 112.
(pdftex.def)             Requested size: 103.3464pt x 40.41107pt.
 [13 </home/rahul/Desktop/cfd_fossee_book/book/cfd-openfoam/CHAPTERS/chap2/figu
res/boundary_name.png>]
Missing character: There is no ‚ in font cmr10!
Missing character: There is no Ä in font cmr10!
Missing character: There is no ú in font cmr10!
Missing character: There is no ‚ in font cmr10!
Missing character: There is no Ä in font cmr10!
Missing character: There is no ù in font cmr10!

</home/rahul/Desktop/cfd_fossee_book/book/cfd-openfoam/CHAPTERS/chap2/figures/p
araview1.png, id=93, 1302.8675pt x 746.79pt>
File: /home/rahul/Desktop/cfd_fossee_book/book/cfd-openfoam/CHAPTERS/chap2/figu
res/paraview1.png Graphic file (type png)

<use /home/rahul/Desktop/cfd_fossee_book/book/cfd-openfoam/CHAPTERS/chap2/figur
es/paraview1.png>
Package pdftex.def Info: /home/rahul/Desktop/cfd_fossee_book/book/cfd-openfoam/
CHAPTERS/chap2/figures/paraview1.png used on input line 129.
(pdftex.def)             Requested size: 416.92612pt x 238.97768pt.

Overfull \hbox (19.44113pt too wide) in paragraph at lines 129--130
 [] 
 []

) (./CHAPTERS/chap3/chapter3.tex [14 </home/rahul/Desktop/cfd_fossee_book/book/
cfd-openfoam/CHAPTERS/chap2/figures/merge.png>] [15 </home/rahul/Desktop/cfd_fo
ssee_book/book/cfd-openfoam/CHAPTERS/chap2/figures/paraview1.png>] [16

]
Chapter 3.

</home/rahul/Desktop/cfd_fossee_book/book/cfd-openfoam/CHAPTERS/chap3/figures/f
rontface.png, id=103, 622.325pt x 402.50375pt>
File: /home/rahul/Desktop/cfd_fossee_book/book/cfd-openfoam/CHAPTERS/chap3/figu
res/frontface.png Graphic file (type png)

<use /home/rahul/Desktop/cfd_fossee_book/book/cfd-openfoam/CHAPTERS/chap3/figur
es/frontface.png>
Package pdftex.def Info: /home/rahul/Desktop/cfd_fossee_book/book/cfd-openfoam/
CHAPTERS/chap3/figures/frontface.png used on input line 11.
(pdftex.def)             Requested size: 373.39787pt x 241.5041pt.

</home/rahul/Desktop/cfd_fossee_book/book/cfd-openfoam/CHAPTERS/chap3/figures/b
ackface.png, id=104, 616.3025pt x 421.575pt>
File: /home/rahul/Desktop/cfd_fossee_book/book/cfd-openfoam/CHAPTERS/chap3/figu
res/backface.png Graphic file (type png)

<use /home/rahul/Desktop/cfd_fossee_book/book/cfd-openfoam/CHAPTERS/chap3/figur
es/backface.png>
Package pdftex.def Info: /home/rahul/Desktop/cfd_fossee_book/book/cfd-openfoam/
CHAPTERS/chap3/figures/backface.png used on input line 19.
(pdftex.def)             Requested size: 369.78435pt x 252.94695pt.
Missing character: There is no ‚ in font cmr10!
Missing character: There is no Ä in font cmr10!
Missing character: There is no ú in font cmr10!
Missing character: There is no ‚ in font cmr10!
Missing character: There is no Ä in font cmr10!
Missing character: There is no ù in font cmr10!
Missing character: There is no ‚ in font cmr10!
Missing character: There is no Ä in font cmr10!
Missing character: There is no ú in font cmr10!
Missing character: There is no ‚ in font cmr10!
Missing character: There is no Ä in font cmr10!
Missing character: There is no ù in font cmr10!
Missing character: There is no ‚ in font cmr10!
Missing character: There is no Ä in font cmr10!
Missing character: There is no ú in font cmr10!
Missing character: There is no ‚ in font cmr10!
Missing character: There is no Ä in font cmr10!
Missing character: There is no ù in font cmr10!

</home/rahul/Desktop/cfd_fossee_book/book/cfd-openfoam/CHAPTERS/chap3/figures/a
ngle.png, id=105, 512.91624pt x 257.96375pt>
File: /home/rahul/Desktop/cfd_fossee_book/book/cfd-openfoam/CHAPTERS/chap3/figu
res/angle.png Graphic file (type png)

<use /home/rahul/Desktop/cfd_fossee_book/book/cfd-openfoam/CHAPTERS/chap3/figur
es/angle.png>
Package pdftex.def Info: /home/rahul/Desktop/cfd_fossee_book/book/cfd-openfoam/
CHAPTERS/chap3/figures/angle.png used on input line 30.
(pdftex.def)             Requested size: 307.75212pt x 154.77943pt.
 [17]
</home/rahul/Desktop/cfd_fossee_book/book/cfd-openfoam/CHAPTERS/chap3/figures/b
locks.png, id=110, 576.1525pt x 140.525pt>
File: /home/rahul/Desktop/cfd_fossee_book/book/cfd-openfoam/CHAPTERS/chap3/figu
res/blocks.png Graphic file (type png)

<use /home/rahul/Desktop/cfd_fossee_book/book/cfd-openfoam/CHAPTERS/chap3/figur
es/blocks.png>
Package pdftex.def Info: /home/rahul/Desktop/cfd_fossee_book/book/cfd-openfoam/
CHAPTERS/chap3/figures/blocks.png used on input line 53.
(pdftex.def)             Requested size: 345.69415pt x 84.31564pt.

</home/rahul/Desktop/cfd_fossee_book/book/cfd-openfoam/CHAPTERS/chap3/figures/r
ef.png, id=111, 783.92876pt x 214.8025pt>
File: /home/rahul/Desktop/cfd_fossee_book/book/cfd-openfoam/CHAPTERS/chap3/figu
res/ref.png Graphic file (type png)

<use /home/rahul/Desktop/cfd_fossee_book/book/cfd-openfoam/CHAPTERS/chap3/figur
es/ref.png>
Package pdftex.def Info: /home/rahul/Desktop/cfd_fossee_book/book/cfd-openfoam/
CHAPTERS/chap3/figures/ref.png used on input line 63.
(pdftex.def)             Requested size: 470.36089pt x 128.88249pt.

Overfull \hbox (72.8759pt too wide) in paragraph at lines 63--64
 [] 
 []

[18 </home/rahul/Desktop/cfd_fossee_book/book/cfd-openfoam/CHAPTERS/chap3/figur
es/frontface.png>] [19 </home/rahul/Desktop/cfd_fossee_book/book/cfd-openfoam/C
HAPTERS/chap3/figures/backface.png> </home/rahul/Desktop/cfd_fossee_book/book/c
fd-openfoam/CHAPTERS/chap3/figures/angle.png>]
</home/rahul/Desktop/cfd_fossee_book/book/cfd-openfoam/CHAPTERS/chap3/figures/e
dges.png, id=118, 391.4625pt x 171.64125pt>
File: /home/rahul/Desktop/cfd_fossee_book/book/cfd-openfoam/CHAPTERS/chap3/figu
res/edges.png Graphic file (type png)

<use /home/rahul/Desktop/cfd_fossee_book/book/cfd-openfoam/CHAPTERS/chap3/figur
es/edges.png>
Package pdftex.def Info: /home/rahul/Desktop/cfd_fossee_book/book/cfd-openfoam/
CHAPTERS/chap3/figures/edges.png used on input line 78.
(pdftex.def)             Requested size: 274.02187pt x 120.14804pt.
 [20 </home/rahul/Desktop/cfd_fossee_book/book/cfd-openfoam/CHAPTERS/chap3/figu
res/blocks.png> </home/rahul/Desktop/cfd_fossee_book/book/cfd-openfoam/CHAPTERS
/chap3/figures/ref.png> </home/rahul/Desktop/cfd_fossee_book/book/cfd-openfoam/
CHAPTERS/chap3/figures/edges.png>]
</home/rahul/Desktop/cfd_fossee_book/book/cfd-openfoam/CHAPTERS/chap3/figures/p
araview1.png, id=122, 1858.945pt x 1033.8625pt>
File: /home/rahul/Desktop/cfd_fossee_book/book/cfd-openfoam/CHAPTERS/chap3/figu
res/paraview1.png Graphic file (type png)

<use /home/rahul/Desktop/cfd_fossee_book/book/cfd-openfoam/CHAPTERS/chap3/figur
es/paraview1.png>
Package pdftex.def Info: /home/rahul/Desktop/cfd_fossee_book/book/cfd-openfoam/
CHAPTERS/chap3/figures/paraview1.png used on input line 91.
(pdftex.def)             Requested size: 464.73512pt x 258.465pt.

Overfull \hbox (67.25014pt too wide) in paragraph at lines 91--92
 [] 
 []

) (./CHAPTERS/chap4/chapter4.tex [21 </home/rahul/Desktop/cfd_fossee_book/book/
cfd-openfoam/CHAPTERS/chap3/figures/paraview1.png>] [22

]
Chapter 4.

</home/rahul/Desktop/cfd_fossee_book/book/cfd-openfoam/CHAPTERS/chap4/figures/g
eometry.png, id=129, 877.2775pt x 552.0625pt>
File: /home/rahul/Desktop/cfd_fossee_book/book/cfd-openfoam/CHAPTERS/chap4/figu
res/geometry.png Graphic file (type png)

<use /home/rahul/Desktop/cfd_fossee_book/book/cfd-openfoam/CHAPTERS/chap4/figur
es/geometry.png>
Package pdftex.def Info: /home/rahul/Desktop/cfd_fossee_book/book/cfd-openfoam/
CHAPTERS/chap4/figures/geometry.png used on input line 13.
(pdftex.def)             Requested size: 350.90479pt x 220.82108pt.
 [23] [24 </home/rahul/Desktop/cfd_fossee_book/book/cfd-openfoam/CHAPTERS/chap4
/figures/geometry.png>]
</home/rahul/Desktop/cfd_fossee_book/book/cfd-openfoam/CHAPTERS/chap4/figures/b
lockMesh.png, id=137, 714.67pt x 851.18pt>
File: /home/rahul/Desktop/cfd_fossee_book/book/cfd-openfoam/CHAPTERS/chap4/figu
res/blockMesh.png Graphic file (type png)

<use /home/rahul/Desktop/cfd_fossee_book/book/cfd-openfoam/CHAPTERS/chap4/figur
es/blockMesh.png>
Package pdftex.def Info: /home/rahul/Desktop/cfd_fossee_book/book/cfd-openfoam/
CHAPTERS/chap4/figures/blockMesh.png used on input line 59.
(pdftex.def)             Requested size: 500.26558pt x 595.82193pt.

Overfull \hbox (102.7806pt too wide) in paragraph at lines 59--60
 [] 
 []


LaTeX Warning: Float too large for page by 90.39693pt on input line 63.


</home/rahul/Desktop/cfd_fossee_book/book/cfd-openfoam/CHAPTERS/chap4/figures/p
araview1.png, id=138, 1302.8675pt x 746.79pt>
File: /home/rahul/Desktop/cfd_fossee_book/book/cfd-openfoam/CHAPTERS/chap4/figu
res/paraview1.png Graphic file (type png)

<use /home/rahul/Desktop/cfd_fossee_book/book/cfd-openfoam/CHAPTERS/chap4/figur
es/paraview1.png>
Package pdftex.def Info: /home/rahul/Desktop/cfd_fossee_book/book/cfd-openfoam/
CHAPTERS/chap4/figures/paraview1.png used on input line 70.
(pdftex.def)             Requested size: 416.92612pt x 238.97768pt.

Overfull \hbox (19.44113pt too wide) in paragraph at lines 70--71
 [] 
 []


</home/rahul/Desktop/cfd_fossee_book/book/cfd-openfoam/CHAPTERS/chap4/figures/v
el1.png, id=139, 1857.94125pt x 1033.8625pt>
File: /home/rahul/Desktop/cfd_fossee_book/book/cfd-openfoam/CHAPTERS/chap4/figu
res/vel1.png Graphic file (type png)

<use /home/rahul/Desktop/cfd_fossee_book/book/cfd-openfoam/CHAPTERS/chap4/figur
es/vel1.png>
Package pdftex.def Info: /home/rahul/Desktop/cfd_fossee_book/book/cfd-openfoam/
CHAPTERS/chap4/figures/vel1.png used on input line 81.
(pdftex.def)             Requested size: 445.91501pt x 248.13206pt.

Overfull \hbox (48.43002pt too wide) in paragraph at lines 81--82
 [] 
 []


</home/rahul/Desktop/cfd_fossee_book/book/cfd-openfoam/CHAPTERS/chap4/figures/v
el2.png, id=140, 1864.9675pt x 1030.85126pt>
File: /home/rahul/Desktop/cfd_fossee_book/book/cfd-openfoam/CHAPTERS/chap4/figu
res/vel2.png Graphic file (type png)

<use /home/rahul/Desktop/cfd_fossee_book/book/cfd-openfoam/CHAPTERS/chap4/figur
es/vel2.png>
Package pdftex.def Info: /home/rahul/Desktop/cfd_fossee_book/book/cfd-openfoam/
CHAPTERS/chap4/figures/vel2.png used on input line 91.
(pdftex.def)             Requested size: 447.60135pt x 247.40935pt.

Overfull \hbox (50.11636pt too wide) in paragraph at lines 91--92
 [] 
 []


</home/rahul/Desktop/cfd_fossee_book/book/cfd-openfoam/CHAPTERS/chap4/figures/x
axisvel.png, id=141, 783.92876pt x 425.59pt>
File: /home/rahul/Desktop/cfd_fossee_book/book/cfd-openfoam/CHAPTERS/chap4/figu
res/xaxisvel.png Graphic file (type png)

<use /home/rahul/Desktop/cfd_fossee_book/book/cfd-openfoam/CHAPTERS/chap4/figur
es/xaxisvel.png>
Package pdftex.def Info: /home/rahul/Desktop/cfd_fossee_book/book/cfd-openfoam/
CHAPTERS/chap4/figures/xaxisvel.png used on input line 101.
(pdftex.def)             Requested size: 188.14674pt x 102.14368pt.

</home/rahul/Desktop/cfd_fossee_book/book/cfd-openfoam/CHAPTERS/chap4/figures/y
axisvel.png, id=142, 777.90625pt x 428.60126pt>
File: /home/rahul/Desktop/cfd_fossee_book/book/cfd-openfoam/CHAPTERS/chap4/figu
res/yaxisvel.png Graphic file (type png)

<use /home/rahul/Desktop/cfd_fossee_book/book/cfd-openfoam/CHAPTERS/chap4/figur
es/yaxisvel.png>
Package pdftex.def Info: /home/rahul/Desktop/cfd_fossee_book/book/cfd-openfoam/
CHAPTERS/chap4/figures/yaxisvel.png used on input line 111.
(pdftex.def)             Requested size: 186.70131pt x 102.8664pt.
) (./CHAPTERS/chap5/chapter5.tex [25] [26] [27 </home/rahul/Desktop/cfd_fossee_
book/book/cfd-openfoam/CHAPTERS/chap4/figures/blockMesh.png>]
[28 </home/rahul/Desktop/cfd_fossee_book/book/cfd-openfoam/CHAPTERS/chap4/figur
es/paraview1.png>] [29 </home/rahul/Desktop/cfd_fossee_book/book/cfd-openfoam/C
HAPTERS/chap4/figures/vel1.png>] [30 </home/rahul/Desktop/cfd_fossee_book/book/
cfd-openfoam/CHAPTERS/chap4/figures/vel2.png> </home/rahul/Desktop/cfd_fossee_b
ook/book/cfd-openfoam/CHAPTERS/chap4/figures/xaxisvel.png>] [31 </home/rahul/De
sktop/cfd_fossee_book/book/cfd-openfoam/CHAPTERS/chap4/figures/yaxisvel.png>]
[32

]
Chapter 5.

</home/rahul/Desktop/cfd_fossee_book/book/cfd-openfoam/CHAPTERS/chap5/figures/g
eometry.png, id=168, 539.01375pt x 241.90375pt>
File: /home/rahul/Desktop/cfd_fossee_book/book/cfd-openfoam/CHAPTERS/chap5/figu
res/geometry.png Graphic file (type png)

<use /home/rahul/Desktop/cfd_fossee_book/book/cfd-openfoam/CHAPTERS/chap5/figur
es/geometry.png>
Package pdftex.def Info: /home/rahul/Desktop/cfd_fossee_book/book/cfd-openfoam/
CHAPTERS/chap5/figures/geometry.png used on input line 11.
(pdftex.def)             Requested size: 377.30704pt x 169.33147pt.
 [33 </home/rahul/Desktop/cfd_fossee_book/book/cfd-openfoam/CHAPTERS/chap5/figu
res/geometry.png>] [34]
</home/rahul/Desktop/cfd_fossee_book/book/cfd-openfoam/CHAPTERS/chap5/figures/p
ara1.png, id=175, 1862.96pt x 1027.84pt>
File: /home/rahul/Desktop/cfd_fossee_book/book/cfd-openfoam/CHAPTERS/chap5/figu
res/para1.png Graphic file (type png)

<use /home/rahul/Desktop/cfd_fossee_book/book/cfd-openfoam/CHAPTERS/chap5/figur
es/para1.png>
Package pdftex.def Info: /home/rahul/Desktop/cfd_fossee_book/book/cfd-openfoam/
CHAPTERS/chap5/figures/para1.png used on input line 64.
(pdftex.def)             Requested size: 447.11954pt x 246.68663pt.

Overfull \hbox (49.63455pt too wide) in paragraph at lines 64--65
 [] 
 []


</home/rahul/Desktop/cfd_fossee_book/book/cfd-openfoam/CHAPTERS/chap5/figures/p
ara2.png, id=176, 1863.96375pt x 1032.85875pt>
File: /home/rahul/Desktop/cfd_fossee_book/book/cfd-openfoam/CHAPTERS/chap5/figu
res/para2.png Graphic file (type png)

<use /home/rahul/Desktop/cfd_fossee_book/book/cfd-openfoam/CHAPTERS/chap5/figur
es/para2.png>
Package pdftex.def Info: /home/rahul/Desktop/cfd_fossee_book/book/cfd-openfoam/
CHAPTERS/chap5/figures/para2.png used on input line 74.
(pdftex.def)             Requested size: 447.36044pt x 247.89116pt.

Overfull \hbox (49.87546pt too wide) in paragraph at lines 74--75
 [] 
 []


</home/rahul/Desktop/cfd_fossee_book/book/cfd-openfoam/CHAPTERS/chap5/figures/v
elini.png, id=177, 1860.9525pt x 1033.8625pt>
File: /home/rahul/Desktop/cfd_fossee_book/book/cfd-openfoam/CHAPTERS/chap5/figu
res/velini.png Graphic file (type png)

<use /home/rahul/Desktop/cfd_fossee_book/book/cfd-openfoam/CHAPTERS/chap5/figur
es/velini.png>
Package pdftex.def Info: /home/rahul/Desktop/cfd_fossee_book/book/cfd-openfoam/
CHAPTERS/chap5/figures/velini.png used on input line 85.
(pdftex.def)             Requested size: 446.63773pt x 248.13206pt.

Overfull \hbox (49.15274pt too wide) in paragraph at lines 85--86
 [] 
 []


</home/rahul/Desktop/cfd_fossee_book/book/cfd-openfoam/CHAPTERS/chap5/figures/v
el.png, id=178, 1859.94875pt x 1029.8475pt>
File: /home/rahul/Desktop/cfd_fossee_book/book/cfd-openfoam/CHAPTERS/chap5/figu
res/vel.png Graphic file (type png)

<use /home/rahul/Desktop/cfd_fossee_book/book/cfd-openfoam/CHAPTERS/chap5/figur
es/vel.png>
Package pdftex.def Info: /home/rahul/Desktop/cfd_fossee_book/book/cfd-openfoam/
CHAPTERS/chap5/figures/vel.png used on input line 95.
(pdftex.def)             Requested size: 446.39682pt x 247.16846pt.

Overfull \hbox (48.91183pt too wide) in paragraph at lines 95--96
 [] 
 []

Missing character: There is no ‚ in font cmr10!
Missing character: There is no Ä in font cmr10!
Missing character: There is no ú in font cmr10!
Missing character: There is no ‚ in font cmr10!
Missing character: There is no Ä in font cmr10!
Missing character: There is no ù in font cmr10!
[35]) (./CHAPTERS/chap10/chapter10.tex [36 </home/rahul/Desktop/cfd_fossee_book
/book/cfd-openfoam/CHAPTERS/chap5/figures/para1.png>] [37 </home/rahul/Desktop/
cfd_fossee_book/book/cfd-openfoam/CHAPTERS/chap5/figures/para2.png>] [38 </home
/rahul/Desktop/cfd_fossee_book/book/cfd-openfoam/CHAPTERS/chap5/figures/velini.
png>] [39 </home/rahul/Desktop/cfd_fossee_book/book/cfd-openfoam/CHAPTERS/chap5
/figures/vel.png>] [40

]
Chapter 6.
[41] [42]
</home/rahul/Desktop/cfd_fossee_book/book/cfd-openfoam/CHAPTERS/chap10/figures/
navi.png, id=205, 195.73125pt x 664.4825pt>
File: /home/rahul/Desktop/cfd_fossee_book/book/cfd-openfoam/CHAPTERS/chap10/fig
ures/navi.png Graphic file (type png)

<use /home/rahul/Desktop/cfd_fossee_book/book/cfd-openfoam/CHAPTERS/chap10/figu
res/navi.png>
Package pdftex.def Info: /home/rahul/Desktop/cfd_fossee_book/book/cfd-openfoam/
CHAPTERS/chap10/figures/navi.png used on input line 64.
(pdftex.def)             Requested size: 58.71982pt x 199.34628pt.

</home/rahul/Desktop/cfd_fossee_book/book/cfd-openfoam/CHAPTERS/chap10/figures/
details.png, id=206, 1085.05376pt x 435.6275pt>
File: /home/rahul/Desktop/cfd_fossee_book/book/cfd-openfoam/CHAPTERS/chap10/fig
ures/details.png Graphic file (type png)

<use /home/rahul/Desktop/cfd_fossee_book/book/cfd-openfoam/CHAPTERS/chap10/figu
res/details.png>
Package pdftex.def Info: /home/rahul/Desktop/cfd_fossee_book/book/cfd-openfoam/
CHAPTERS/chap10/figures/details.png used on input line 71.
(pdftex.def)             Requested size: 347.22429pt x 139.40364pt.

</home/rahul/Desktop/cfd_fossee_book/book/cfd-openfoam/CHAPTERS/chap10/figures/
link.png, id=207, 830.10126pt x 438.63875pt>
File: /home/rahul/Desktop/cfd_fossee_book/book/cfd-openfoam/CHAPTERS/chap10/fig
ures/link.png Graphic file (type png)

<use /home/rahul/Desktop/cfd_fossee_book/book/cfd-openfoam/CHAPTERS/chap10/figu
res/link.png>
Package pdftex.def Info: /home/rahul/Desktop/cfd_fossee_book/book/cfd-openfoam/
CHAPTERS/chap10/figures/link.png used on input line 78.
(pdftex.def)             Requested size: 290.5398pt x 153.52585pt.


LaTeX Warning: `h' float specifier changed to `ht'.


</home/rahul/Desktop/cfd_fossee_book/book/cfd-openfoam/CHAPTERS/chap10/figures/
pass.png, id=208, 1067.99pt x 463.7325pt>
File: /home/rahul/Desktop/cfd_fossee_book/book/cfd-openfoam/CHAPTERS/chap10/fig
ures/pass.png Graphic file (type png)

<use /home/rahul/Desktop/cfd_fossee_book/book/cfd-openfoam/CHAPTERS/chap10/figu
res/pass.png>
Package pdftex.def Info: /home/rahul/Desktop/cfd_fossee_book/book/cfd-openfoam/
CHAPTERS/chap10/figures/pass.png used on input line 85.
(pdftex.def)             Requested size: 373.80211pt x 162.30879pt.


LaTeX Warning: `h' float specifier changed to `ht'.


</home/rahul/Desktop/cfd_fossee_book/book/cfd-openfoam/CHAPTERS/chap10/figures/
binary.png, id=209, 1061.9675pt x 266.9975pt>
File: /home/rahul/Desktop/cfd_fossee_book/book/cfd-openfoam/CHAPTERS/chap10/fig
ures/binary.png Graphic file (type png)

<use /home/rahul/Desktop/cfd_fossee_book/book/cfd-openfoam/CHAPTERS/chap10/figu
res/binary.png>
Package pdftex.def Info: /home/rahul/Desktop/cfd_fossee_book/book/cfd-openfoam/
CHAPTERS/chap10/figures/binary.png used on input line 92.
(pdftex.def)             Requested size: 371.69418pt x 93.45052pt.


LaTeX Warning: `h' float specifier changed to `ht'.


</home/rahul/Desktop/cfd_fossee_book/book/cfd-openfoam/CHAPTERS/chap10/figures/
universal.png, id=210, 632.3625pt x 118.4425pt>
File: /home/rahul/Desktop/cfd_fossee_book/book/cfd-openfoam/CHAPTERS/chap10/fig
ures/universal.png Graphic file (type png)

<use /home/rahul/Desktop/cfd_fossee_book/book/cfd-openfoam/CHAPTERS/chap10/figu
res/universal.png>
Package pdftex.def Info: /home/rahul/Desktop/cfd_fossee_book/book/cfd-openfoam/
CHAPTERS/chap10/figures/universal.png used on input line 99.
(pdftex.def)             Requested size: 221.33018pt x 41.45549pt.


LaTeX Warning: `h' float specifier changed to `ht'.


</home/rahul/Desktop/cfd_fossee_book/book/cfd-openfoam/CHAPTERS/chap10/figures/
salome-icon.png, id=211, 252.945pt x 155.58125pt>
File: /home/rahul/Desktop/cfd_fossee_book/book/cfd-openfoam/CHAPTERS/chap10/fig
ures/salome-icon.png Graphic file (type png)

<use /home/rahul/Desktop/cfd_fossee_book/book/cfd-openfoam/CHAPTERS/chap10/figu
res/salome-icon.png>
Package pdftex.def Info: /home/rahul/Desktop/cfd_fossee_book/book/cfd-openfoam/
CHAPTERS/chap10/figures/salome-icon.png used on input line 106.
(pdftex.def)             Requested size: 88.53207pt x 54.45424pt.


LaTeX Warning: `h' float specifier changed to `ht'.


</home/rahul/Desktop/cfd_fossee_book/book/cfd-openfoam/CHAPTERS/chap10/figures/
salome-win.png, id=212, 1227.58624pt x 795.97375pt>
File: /home/rahul/Desktop/cfd_fossee_book/book/cfd-openfoam/CHAPTERS/chap10/fig
ures/salome-win.png Graphic file (type png)

<use /home/rahul/Desktop/cfd_fossee_book/book/cfd-openfoam/CHAPTERS/chap10/figu
res/salome-win.png>
Package pdftex.def Info: /home/rahul/Desktop/cfd_fossee_book/book/cfd-openfoam/
CHAPTERS/chap10/figures/salome-win.png used on input line 113.
(pdftex.def)             Requested size: 306.89581pt x 198.99295pt.


LaTeX Warning: `h' float specifier changed to `ht'.

) (./CHAPTERS/chap15/chapter15.tex [43 </home/rahul/Desktop/cfd_fossee_book/boo
k/cfd-openfoam/CHAPTERS/chap10/figures/navi.png> </home/rahul/Desktop/cfd_fosse
e_book/book/cfd-openfoam/CHAPTERS/chap10/figures/details.png>] [44 </home/rahul
/Desktop/cfd_fossee_book/book/cfd-openfoam/CHAPTERS/chap10/figures/link.png> </
home/rahul/Desktop/cfd_fossee_book/book/cfd-openfoam/CHAPTERS/chap10/figures/pa
ss.png> </home/rahul/Desktop/cfd_fossee_book/book/cfd-openfoam/CHAPTERS/chap10/
figures/binary.png>] [45 </home/rahul/Desktop/cfd_fossee_book/book/cfd-openfoam
/CHAPTERS/chap10/figures/universal.png> </home/rahul/Desktop/cfd_fossee_book/bo
ok/cfd-openfoam/CHAPTERS/chap10/figures/salome-icon.png> </home/rahul/Desktop/c
fd_fossee_book/book/cfd-openfoam/CHAPTERS/chap10/figures/salome-win.png>]
[46

]
Chapter 7.

</home/rahul/Desktop/cfd_fossee_book/book/cfd-openfoam/CHAPTERS/chap15/figures/
square.png, id=226, 833.1125pt x 543.02875pt>
File: /home/rahul/Desktop/cfd_fossee_book/book/cfd-openfoam/CHAPTERS/chap15/fig
ures/square.png Graphic file (type png)

<use /home/rahul/Desktop/cfd_fossee_book/book/cfd-openfoam/CHAPTERS/chap15/figu
res/square.png>
Package pdftex.def Info: /home/rahul/Desktop/cfd_fossee_book/book/cfd-openfoam/
CHAPTERS/chap15/figures/square.png used on input line 19.
(pdftex.def)             Requested size: 258.36281pt x 168.40344pt.

</home/rahul/Desktop/cfd_fossee_book/book/cfd-openfoam/CHAPTERS/chap15/figures/
cylmesh.jpeg, id=227, 965.85844pt x 610.53094pt>
File: /home/rahul/Desktop/cfd_fossee_book/book/cfd-openfoam/CHAPTERS/chap15/fig
ures/cylmesh.jpeg Graphic file (type jpg)

<use /home/rahul/Desktop/cfd_fossee_book/book/cfd-openfoam/CHAPTERS/chap15/figu
res/cylmesh.jpeg>
Package pdftex.def Info: /home/rahul/Desktop/cfd_fossee_book/book/cfd-openfoam/
CHAPTERS/chap15/figures/cylmesh.jpeg used on input line 31.
(pdftex.def)             Requested size: 258.36281pt x 163.30843pt.


LaTeX Warning: `h' float specifier changed to `ht'.

[47]
</home/rahul/Desktop/cfd_fossee_book/book/cfd-openfoam/CHAPTERS/chap15/figures/
conversion.png, id=233, 722.7pt x 263.98625pt>
File: /home/rahul/Desktop/cfd_fossee_book/book/cfd-openfoam/CHAPTERS/chap15/fig
ures/conversion.png Graphic file (type png)

<use /home/rahul/Desktop/cfd_fossee_book/book/cfd-openfoam/CHAPTERS/chap15/figu
res/conversion.png>
Package pdftex.def Info: /home/rahul/Desktop/cfd_fossee_book/book/cfd-openfoam/
CHAPTERS/chap15/figures/conversion.png used on input line 54.
(pdftex.def)             Requested size: 258.36281pt x 94.37436pt.
 [48 </home/rahul/Desktop/cfd_fossee_book/book/cfd-openfoam/CHAPTERS/chap15/fig
ures/square.png> </home/rahul/Desktop/cfd_fossee_book/book/cfd-openfoam/CHAPTER
S/chap15/figures/cylmesh.jpeg>]
</home/rahul/Desktop/cfd_fossee_book/book/cfd-openfoam/CHAPTERS/chap15/figures/
boundary.png, id=237, 891.33pt x 272.01625pt>
File: /home/rahul/Desktop/cfd_fossee_book/book/cfd-openfoam/CHAPTERS/chap15/fig
ures/boundary.png Graphic file (type png)

<use /home/rahul/Desktop/cfd_fossee_book/book/cfd-openfoam/CHAPTERS/chap15/figu
res/boundary.png>
Package pdftex.def Info: /home/rahul/Desktop/cfd_fossee_book/book/cfd-openfoam/
CHAPTERS/chap15/figures/boundary.png used on input line 79.
(pdftex.def)             Requested size: 258.36281pt x 78.84532pt.


LaTeX Warning: `h' float specifier changed to `ht'.

[49 </home/rahul/Desktop/cfd_fossee_book/book/cfd-openfoam/CHAPTERS/chap15/figu
res/conversion.png>]
</home/rahul/Desktop/cfd_fossee_book/book/cfd-openfoam/CHAPTERS/chap15/figures/
controldict.png, id=241, 529.98pt x 416.55624pt>
File: /home/rahul/Desktop/cfd_fossee_book/book/cfd-openfoam/CHAPTERS/chap15/fig
ures/controldict.png Graphic file (type png)

<use /home/rahul/Desktop/cfd_fossee_book/book/cfd-openfoam/CHAPTERS/chap15/figu
res/controldict.png>
Package pdftex.def Info: /home/rahul/Desktop/cfd_fossee_book/book/cfd-openfoam/
CHAPTERS/chap15/figures/controldict.png used on input line 95.
(pdftex.def)             Requested size: 258.36281pt x 203.07193pt.
 [50 </home/rahul/Desktop/cfd_fossee_book/book/cfd-openfoam/CHAPTERS/chap15/fig
ures/boundary.png> </home/rahul/Desktop/cfd_fossee_book/book/cfd-openfoam/CHAPT
ERS/chap15/figures/controldict.png>]
</home/rahul/Desktop/cfd_fossee_book/book/cfd-openfoam/CHAPTERS/chap15/figures/
geom-paraview.png, id=245, 1012.78375pt x 694.595pt>
File: /home/rahul/Desktop/cfd_fossee_book/book/cfd-openfoam/CHAPTERS/chap15/fig
ures/geom-paraview.png Graphic file (type png)

<use /home/rahul/Desktop/cfd_fossee_book/book/cfd-openfoam/CHAPTERS/chap15/figu
res/geom-paraview.png>
Package pdftex.def Info: /home/rahul/Desktop/cfd_fossee_book/book/cfd-openfoam/
CHAPTERS/chap15/figures/geom-paraview.png used on input line 112.
(pdftex.def)             Requested size: 258.36281pt x 177.18826pt.

</home/rahul/Desktop/cfd_fossee_book/book/cfd-openfoam/CHAPTERS/chap15/figures/
vel.png, id=246, 1011.78pt x 690.58pt>
File: /home/rahul/Desktop/cfd_fossee_book/book/cfd-openfoam/CHAPTERS/chap15/fig
ures/vel.png Graphic file (type png)

<use /home/rahul/Desktop/cfd_fossee_book/book/cfd-openfoam/CHAPTERS/chap15/figu
res/vel.png>
Package pdftex.def Info: /home/rahul/Desktop/cfd_fossee_book/book/cfd-openfoam/
CHAPTERS/chap15/figures/vel.png used on input line 119.
(pdftex.def)             Requested size: 258.36281pt x 176.34319pt.

</home/rahul/Desktop/cfd_fossee_book/book/cfd-openfoam/CHAPTERS/chap15/figures/
vel-1.png, id=247, 1013.7875pt x 692.5875pt>
File: /home/rahul/Desktop/cfd_fossee_book/book/cfd-openfoam/CHAPTERS/chap15/fig
ures/vel-1.png Graphic file (type png)

<use /home/rahul/Desktop/cfd_fossee_book/book/cfd-openfoam/CHAPTERS/chap15/figu
res/vel-1.png>
Package pdftex.def Info: /home/rahul/Desktop/cfd_fossee_book/book/cfd-openfoam/
CHAPTERS/chap15/figures/vel-1.png used on input line 126.
(pdftex.def)             Requested size: 258.36281pt x 176.4965pt.


LaTeX Warning: `h' float specifier changed to `ht'.


Underfull \vbox (badness 10000) has occurred while \output is active []

 [51 </home/rahul/Desktop/cfd_fossee_book/book/cfd-openfoam/CHAPTERS/chap15/fig
ures/geom-paraview.png> </home/rahul/Desktop/cfd_fossee_book/book/cfd-openfoam/
CHAPTERS/chap15/figures/vel.png>]) (./CHAPTERS/chap16/chapter16.tex [52 </home/
rahul/Desktop/cfd_fossee_book/book/cfd-openfoam/CHAPTERS/chap15/figures/vel-1.p
ng>]
Chapter 8.

</home/rahul/Desktop/cfd_fossee_book/book/cfd-openfoam/CHAPTERS/chap16/figures/
synaptic-gmsh.png, id=254, 1208.515pt x 220.825pt>
File: /home/rahul/Desktop/cfd_fossee_book/book/cfd-openfoam/CHAPTERS/chap16/fig
ures/synaptic-gmsh.png Graphic file (type png)

<use /home/rahul/Desktop/cfd_fossee_book/book/cfd-openfoam/CHAPTERS/chap16/figu
res/synaptic-gmsh.png>
Package pdftex.def Info: /home/rahul/Desktop/cfd_fossee_book/book/cfd-openfoam/
CHAPTERS/chap16/figures/synaptic-gmsh.png used on input line 20.
(pdftex.def)             Requested size: 386.7327pt x 70.66544pt.
 [53

 </home/rahul/Desktop/cfd_fossee_book/book/cfd-openfoam/CHAPTERS/chap16/figures
/synaptic-gmsh.png>]
</home/rahul/Desktop/cfd_fossee_book/book/cfd-openfoam/CHAPTERS/chap16/figures/
download-gmsh.png, id=259, 907.39pt x 201.75375pt>
File: /home/rahul/Desktop/cfd_fossee_book/book/cfd-openfoam/CHAPTERS/chap16/fig
ures/download-gmsh.png Graphic file (type png)

<use /home/rahul/Desktop/cfd_fossee_book/book/cfd-openfoam/CHAPTERS/chap16/figu
res/download-gmsh.png>
Package pdftex.def Info: /home/rahul/Desktop/cfd_fossee_book/book/cfd-openfoam/
CHAPTERS/chap16/figures/download-gmsh.png used on input line 36.
(pdftex.def)             Requested size: 319.40503pt x 71.01814pt.

</home/rahul/Desktop/cfd_fossee_book/book/cfd-openfoam/CHAPTERS/chap16/figures/
gmsh-icon.png, id=260, 601.24625pt x 226.8475pt>
File: /home/rahul/Desktop/cfd_fossee_book/book/cfd-openfoam/CHAPTERS/chap16/fig
ures/gmsh-icon.png Graphic file (type png)

<use /home/rahul/Desktop/cfd_fossee_book/book/cfd-openfoam/CHAPTERS/chap16/figu
res/gmsh-icon.png>
Package pdftex.def Info: /home/rahul/Desktop/cfd_fossee_book/book/cfd-openfoam/
CHAPTERS/chap16/figures/gmsh-icon.png used on input line 44.
(pdftex.def)             Requested size: 156.32033pt x 58.97894pt.
 [54 </home/rahul/Desktop/cfd_fossee_book/book/cfd-openfoam/CHAPTERS/chap16/fig
ures/download-gmsh.png> </home/rahul/Desktop/cfd_fossee_book/book/cfd-openfoam/
CHAPTERS/chap16/figures/gmsh-icon.png>]
</home/rahul/Desktop/cfd_fossee_book/book/cfd-openfoam/CHAPTERS/chap16/figures/
gmsh-start.png, id=264, 949.5475pt x 675.52374pt>
File: /home/rahul/Desktop/cfd_fossee_book/book/cfd-openfoam/CHAPTERS/chap16/fig
ures/gmsh-start.png Graphic file (type png)

<use /home/rahul/Desktop/cfd_fossee_book/book/cfd-openfoam/CHAPTERS/chap16/figu
res/gmsh-start.png>
Package pdftex.def Info: /home/rahul/Desktop/cfd_fossee_book/book/cfd-openfoam/
CHAPTERS/chap16/figures/gmsh-start.png used on input line 73.
(pdftex.def)             Requested size: 265.87149pt x 189.14536pt.

</home/rahul/Desktop/cfd_fossee_book/book/cfd-openfoam/CHAPTERS/chap16/figures/
geometry1.png, id=265, 877.2775pt x 552.0625pt>
File: /home/rahul/Desktop/cfd_fossee_book/book/cfd-openfoam/CHAPTERS/chap16/fig
ures/geometry1.png Graphic file (type png)

<use /home/rahul/Desktop/cfd_fossee_book/book/cfd-openfoam/CHAPTERS/chap16/figu
res/geometry1.png>
Package pdftex.def Info: /home/rahul/Desktop/cfd_fossee_book/book/cfd-openfoam/
CHAPTERS/chap16/figures/geometry1.png used on input line 81.
(pdftex.def)             Requested size: 245.63602pt x 154.57643pt.

</home/rahul/Desktop/cfd_fossee_book/book/cfd-openfoam/CHAPTERS/chap16/figures/
point-gmsh.png, id=266, 367.3725pt x 244.915pt>
File: /home/rahul/Desktop/cfd_fossee_book/book/cfd-openfoam/CHAPTERS/chap16/fig
ures/point-gmsh.png Graphic file (type png)

<use /home/rahul/Desktop/cfd_fossee_book/book/cfd-openfoam/CHAPTERS/chap16/figu
res/point-gmsh.png>
Package pdftex.def Info: /home/rahul/Desktop/cfd_fossee_book/book/cfd-openfoam/
CHAPTERS/chap16/figures/point-gmsh.png used on input line 89.
(pdftex.def)             Requested size: 102.86359pt x 68.57571pt.

</home/rahul/Desktop/cfd_fossee_book/book/cfd-openfoam/CHAPTERS/chap16/figures/
cube-gmsh.png, id=267, 946.53625pt x 672.5125pt>
File: /home/rahul/Desktop/cfd_fossee_book/book/cfd-openfoam/CHAPTERS/chap16/fig
ures/cube-gmsh.png Graphic file (type png)

<use /home/rahul/Desktop/cfd_fossee_book/book/cfd-openfoam/CHAPTERS/chap16/figu
res/cube-gmsh.png>
Package pdftex.def Info: /home/rahul/Desktop/cfd_fossee_book/book/cfd-openfoam/
CHAPTERS/chap16/figures/cube-gmsh.png used on input line 97.
(pdftex.def)             Requested size: 265.02834pt x 188.30222pt.
 [55 </home/rahul/Desktop/cfd_fossee_book/book/cfd-openfoam/CHAPTERS/chap16/fig
ures/gmsh-start.png> </home/rahul/Desktop/cfd_fossee_book/book/cfd-openfoam/CHA
PTERS/chap16/figures/geometry1.png>]
</home/rahul/Desktop/cfd_fossee_book/book/cfd-openfoam/CHAPTERS/chap16/figures/
face-red.png, id=271, 922.44624pt x 674.52pt>
File: /home/rahul/Desktop/cfd_fossee_book/book/cfd-openfoam/CHAPTERS/chap16/fig
ures/face-red.png Graphic file (type png)

<use /home/rahul/Desktop/cfd_fossee_book/book/cfd-openfoam/CHAPTERS/chap16/figu
res/face-red.png>
Package pdftex.def Info: /home/rahul/Desktop/cfd_fossee_book/book/cfd-openfoam/
CHAPTERS/chap16/figures/face-red.png used on input line 112.
(pdftex.def)             Requested size: 258.28319pt x 188.8643pt.

</home/rahul/Desktop/cfd_fossee_book/book/cfd-openfoam/CHAPTERS/chap16/figures/
face-cl.png, id=272, 944.52875pt x 673.51625pt>
File: /home/rahul/Desktop/cfd_fossee_book/book/cfd-openfoam/CHAPTERS/chap16/fig
ures/face-cl.png Graphic file (type png)

<use /home/rahul/Desktop/cfd_fossee_book/book/cfd-openfoam/CHAPTERS/chap16/figu
res/face-cl.png>
Package pdftex.def Info: /home/rahul/Desktop/cfd_fossee_book/book/cfd-openfoam/
CHAPTERS/chap16/figures/face-cl.png used on input line 121.
(pdftex.def)             Requested size: 264.46625pt x 188.58325pt.

</home/rahul/Desktop/cfd_fossee_book/book/cfd-openfoam/CHAPTERS/chap16/figures/
face-all.png, id=273, 943.525pt x 674.52pt>
File: /home/rahul/Desktop/cfd_fossee_book/book/cfd-openfoam/CHAPTERS/chap16/fig
ures/face-all.png Graphic file (type png)

<use /home/rahul/Desktop/cfd_fossee_book/book/cfd-openfoam/CHAPTERS/chap16/figu
res/face-all.png>
Package pdftex.def Info: /home/rahul/Desktop/cfd_fossee_book/book/cfd-openfoam/
CHAPTERS/chap16/figures/face-all.png used on input line 129.
(pdftex.def)             Requested size: 264.1852pt x 188.8643pt.

</home/rahul/Desktop/cfd_fossee_book/book/cfd-openfoam/CHAPTERS/chap16/figures/
vol-gmsh.png, id=274, 947.54pt x 678.535pt>
File: /home/rahul/Desktop/cfd_fossee_book/book/cfd-openfoam/CHAPTERS/chap16/fig
ures/vol-gmsh.png Graphic file (type png)

<use /home/rahul/Desktop/cfd_fossee_book/book/cfd-openfoam/CHAPTERS/chap16/figu
res/vol-gmsh.png>
Package pdftex.def Info: /home/rahul/Desktop/cfd_fossee_book/book/cfd-openfoam/
CHAPTERS/chap16/figures/vol-gmsh.png used on input line 143.
(pdftex.def)             Requested size: 265.30939pt x 189.9885pt.

Underfull \vbox (badness 4765) has occurred while \output is active []

 [56 </home/rahul/Desktop/cfd_fossee_book/book/cfd-openfoam/CHAPTERS/chap16/fig
ures/point-gmsh.png> </home/rahul/Desktop/cfd_fossee_book/book/cfd-openfoam/CHA
PTERS/chap16/figures/cube-gmsh.png>] [57 </home/rahul/Desktop/cfd_fossee_book/b
ook/cfd-openfoam/CHAPTERS/chap16/figures/face-red.png> </home/rahul/Desktop/cfd
_fossee_book/book/cfd-openfoam/CHAPTERS/chap16/figures/face-cl.png>])
(./CHAPTERS/chap17/chapter17.tex [58 </home/rahul/Desktop/cfd_fossee_book/book/
cfd-openfoam/CHAPTERS/chap16/figures/face-all.png> </home/rahul/Desktop/cfd_fos
see_book/book/cfd-openfoam/CHAPTERS/chap16/figures/vol-gmsh.png>] [59] [60

]
Chapter 9.

</home/rahul/Desktop/cfd_fossee_book/book/cfd-openfoam/CHAPTERS/chap17/figures/
gmshpts.png, id=291, 942.52126pt x 774.895pt>
File: /home/rahul/Desktop/cfd_fossee_book/book/cfd-openfoam/CHAPTERS/chap17/fig
ures/gmshpts.png Graphic file (type png)

<use /home/rahul/Desktop/cfd_fossee_book/book/cfd-openfoam/CHAPTERS/chap17/figu
res/gmshpts.png>
Package pdftex.def Info: /home/rahul/Desktop/cfd_fossee_book/book/cfd-openfoam/
CHAPTERS/chap17/figures/gmshpts.png used on input line 28.
(pdftex.def)             Requested size: 235.62973pt x 193.72327pt.


LaTeX Warning: `h' float specifier changed to `ht'.

[61]
</home/rahul/Desktop/cfd_fossee_book/book/cfd-openfoam/CHAPTERS/chap17/figures/
point1.png, id=295, 943.525pt x 772.8875pt>
File: /home/rahul/Desktop/cfd_fossee_book/book/cfd-openfoam/CHAPTERS/chap17/fig
ures/point1.png Graphic file (type png)

<use /home/rahul/Desktop/cfd_fossee_book/book/cfd-openfoam/CHAPTERS/chap17/figu
res/point1.png>
Package pdftex.def Info: /home/rahul/Desktop/cfd_fossee_book/book/cfd-openfoam/
CHAPTERS/chap17/figures/point1.png used on input line 39.
(pdftex.def)             Requested size: 235.88066pt x 193.22139pt.


LaTeX Warning: `h' float specifier changed to `ht'.


</home/rahul/Desktop/cfd_fossee_book/book/cfd-openfoam/CHAPTERS/chap17/figures/
point2.png, id=296, 945.5325pt x 774.895pt>
File: /home/rahul/Desktop/cfd_fossee_book/book/cfd-openfoam/CHAPTERS/chap17/fig
ures/point2.png Graphic file (type png)

<use /home/rahul/Desktop/cfd_fossee_book/book/cfd-openfoam/CHAPTERS/chap17/figu
res/point2.png>
Package pdftex.def Info: /home/rahul/Desktop/cfd_fossee_book/book/cfd-openfoam/
CHAPTERS/chap17/figures/point2.png used on input line 48.
(pdftex.def)             Requested size: 236.38254pt x 193.72327pt.


LaTeX Warning: `h' float specifier changed to `ht'.


</home/rahul/Desktop/cfd_fossee_book/book/cfd-openfoam/CHAPTERS/chap17/figures/
point3.png, id=297, 940.51375pt x 776.9025pt>
File: /home/rahul/Desktop/cfd_fossee_book/book/cfd-openfoam/CHAPTERS/chap17/fig
ures/point3.png Graphic file (type png)

<use /home/rahul/Desktop/cfd_fossee_book/book/cfd-openfoam/CHAPTERS/chap17/figu
res/point3.png>
Package pdftex.def Info: /home/rahul/Desktop/cfd_fossee_book/book/cfd-openfoam/
CHAPTERS/chap17/figures/point3.png used on input line 57.
(pdftex.def)             Requested size: 235.12785pt x 194.22514pt.


LaTeX Warning: `h' float specifier changed to `ht'.


LaTeX Warning: Reference `' on page 62 undefined on input line 62.


</home/rahul/Desktop/cfd_fossee_book/book/cfd-openfoam/CHAPTERS/chap17/figures/
sphere.png, id=298, 943.525pt x 773.89125pt>
File: /home/rahul/Desktop/cfd_fossee_book/book/cfd-openfoam/CHAPTERS/chap17/fig
ures/sphere.png Graphic file (type png)

<use /home/rahul/Desktop/cfd_fossee_book/book/cfd-openfoam/CHAPTERS/chap17/figu
res/sphere.png>
Package pdftex.def Info: /home/rahul/Desktop/cfd_fossee_book/book/cfd-openfoam/
CHAPTERS/chap17/figures/sphere.png used on input line 66.
(pdftex.def)             Requested size: 235.88066pt x 193.47234pt.


LaTeX Warning: `h' float specifier changed to `ht'.


</home/rahul/Desktop/cfd_fossee_book/book/cfd-openfoam/CHAPTERS/chap17/figures/
surface.png, id=299, 943.525pt x 771.88374pt>
File: /home/rahul/Desktop/cfd_fossee_book/book/cfd-openfoam/CHAPTERS/chap17/fig
ures/surface.png Graphic file (type png)

<use /home/rahul/Desktop/cfd_fossee_book/book/cfd-openfoam/CHAPTERS/chap17/figu
res/surface.png>
Package pdftex.def Info: /home/rahul/Desktop/cfd_fossee_book/book/cfd-openfoam/
CHAPTERS/chap17/figures/surface.png used on input line 77.
(pdftex.def)             Requested size: 235.88066pt x 192.97046pt.


LaTeX Warning: `h' float specifier changed to `ht'.


</home/rahul/Desktop/cfd_fossee_book/book/cfd-openfoam/CHAPTERS/chap17/figures/
surf1.png, id=300, 941.5175pt x 772.8875pt>
File: /home/rahul/Desktop/cfd_fossee_book/book/cfd-openfoam/CHAPTERS/chap17/fig
ures/surf1.png Graphic file (type png)

<use /home/rahul/Desktop/cfd_fossee_book/book/cfd-openfoam/CHAPTERS/chap17/figu
res/surf1.png>
Package pdftex.def Info: /home/rahul/Desktop/cfd_fossee_book/book/cfd-openfoam/
CHAPTERS/chap17/figures/surf1.png used on input line 84.
(pdftex.def)             Requested size: 235.3788pt x 193.22139pt.


LaTeX Warning: `h' float specifier changed to `ht'.


</home/rahul/Desktop/cfd_fossee_book/book/cfd-openfoam/CHAPTERS/chap17/figures/
surf2.png, id=301, 944.52875pt x 773.89125pt>
File: /home/rahul/Desktop/cfd_fossee_book/book/cfd-openfoam/CHAPTERS/chap17/fig
ures/surf2.png Graphic file (type png)

<use /home/rahul/Desktop/cfd_fossee_book/book/cfd-openfoam/CHAPTERS/chap17/figu
res/surf2.png>
Package pdftex.def Info: /home/rahul/Desktop/cfd_fossee_book/book/cfd-openfoam/
CHAPTERS/chap17/figures/surf2.png used on input line 91.
(pdftex.def)             Requested size: 236.1316pt x 193.47234pt.


LaTeX Warning: `h' float specifier changed to `ht'.

[62 </home/rahul/Desktop/cfd_fossee_book/book/cfd-openfoam/CHAPTERS/chap17/figu
res/gmshpts.png>] [63 </home/rahul/Desktop/cfd_fossee_book/book/cfd-openfoam/CH
APTERS/chap17/figures/point1.png> </home/rahul/Desktop/cfd_fossee_book/book/cfd
-openfoam/CHAPTERS/chap17/figures/point2.png>] [64 </home/rahul/Desktop/cfd_fos
see_book/book/cfd-openfoam/CHAPTERS/chap17/figures/point3.png> </home/rahul/Des
ktop/cfd_fossee_book/book/cfd-openfoam/CHAPTERS/chap17/figures/sphere.png>]
</home/rahul/Desktop/cfd_fossee_book/book/cfd-openfoam/CHAPTERS/chap17/figures/
var.png, id=311, 387.4475pt x 264.99pt>
File: /home/rahul/Desktop/cfd_fossee_book/book/cfd-openfoam/CHAPTERS/chap17/fig
ures/var.png Graphic file (type png)

<use /home/rahul/Desktop/cfd_fossee_book/book/cfd-openfoam/CHAPTERS/chap17/figu
res/var.png>
Package pdftex.def Info: /home/rahul/Desktop/cfd_fossee_book/book/cfd-openfoam/
CHAPTERS/chap17/figures/var.png used on input line 106.
(pdftex.def)             Requested size: 135.60864pt x 92.74788pt.


LaTeX Warning: `h' float specifier changed to `ht'.


Underfull \vbox (badness 10000) has occurred while \output is active []

 [65 </home/rahul/Desktop/cfd_fossee_book/book/cfd-openfoam/CHAPTERS/chap17/fig
ures/surface.png> </home/rahul/Desktop/cfd_fossee_book/book/cfd-openfoam/CHAPTE
RS/chap17/figures/surf1.png>] [66 </home/rahul/Desktop/cfd_fossee_book/book/cfd
-openfoam/CHAPTERS/chap17/figures/surf2.png> </home/rahul/Desktop/cfd_fossee_bo
ok/book/cfd-openfoam/CHAPTERS/chap17/figures/var.png>]
</home/rahul/Desktop/cfd_fossee_book/book/cfd-openfoam/CHAPTERS/chap17/figures/
surf4.png, id=319, 943.525pt x 777.90625pt>
File: /home/rahul/Desktop/cfd_fossee_book/book/cfd-openfoam/CHAPTERS/chap17/fig
ures/surf4.png Graphic file (type png)

<use /home/rahul/Desktop/cfd_fossee_book/book/cfd-openfoam/CHAPTERS/chap17/figu
res/surf4.png>
Package pdftex.def Info: /home/rahul/Desktop/cfd_fossee_book/book/cfd-openfoam/
CHAPTERS/chap17/figures/surf4.png used on input line 137.
(pdftex.def)             Requested size: 235.88066pt x 194.47607pt.
) (./CHAPTERS/chap18/chapter18.tex [67 </home/rahul/Desktop/cfd_fossee_book/boo
k/cfd-openfoam/CHAPTERS/chap17/figures/surf4.png>] [68

]
Chapter 10.

</home/rahul/Desktop/cfd_fossee_book/book/cfd-openfoam/CHAPTERS/chap18/figures/
geom.png, id=326, 1028.34187pt x 578.16pt>
File: /home/rahul/Desktop/cfd_fossee_book/book/cfd-openfoam/CHAPTERS/chap18/fig
ures/geom.png Graphic file (type png)

<use /home/rahul/Desktop/cfd_fossee_book/book/cfd-openfoam/CHAPTERS/chap18/figu
res/geom.png>
Package pdftex.def Info: /home/rahul/Desktop/cfd_fossee_book/book/cfd-openfoam/
CHAPTERS/chap18/figures/geom.png used on input line 14.
(pdftex.def)             Requested size: 359.92505pt x 202.35902pt.


LaTeX Warning: `h' float specifier changed to `ht'.

[69]
</home/rahul/Desktop/cfd_fossee_book/book/cfd-openfoam/CHAPTERS/chap18/figures/
final.png, id=331, 940.51375pt x 772.8875pt>
File: /home/rahul/Desktop/cfd_fossee_book/book/cfd-openfoam/CHAPTERS/chap18/fig
ures/final.png Graphic file (type png)

<use /home/rahul/Desktop/cfd_fossee_book/book/cfd-openfoam/CHAPTERS/chap18/figu
res/final.png>
Package pdftex.def Info: /home/rahul/Desktop/cfd_fossee_book/book/cfd-openfoam/
CHAPTERS/chap18/figures/final.png used on input line 38.
(pdftex.def)             Requested size: 329.18474pt x 270.51468pt.


LaTeX Warning: `h' float specifier changed to `ht'.


</home/rahul/Desktop/cfd_fossee_book/book/cfd-openfoam/CHAPTERS/chap18/figures/
surf.png, id=332, 943.525pt x 774.895pt>
File: /home/rahul/Desktop/cfd_fossee_book/book/cfd-openfoam/CHAPTERS/chap18/fig
ures/surf.png Graphic file (type png)

<use /home/rahul/Desktop/cfd_fossee_book/book/cfd-openfoam/CHAPTERS/chap18/figu
res/surf.png>
Package pdftex.def Info: /home/rahul/Desktop/cfd_fossee_book/book/cfd-openfoam/
CHAPTERS/chap18/figures/surf.png used on input line 49.
(pdftex.def)             Requested size: 330.2387pt x 271.21732pt.


LaTeX Warning: `h' float specifier changed to `ht'.


</home/rahul/Desktop/cfd_fossee_book/book/cfd-openfoam/CHAPTERS/chap18/figures/
surf1.png, id=333, 941.5175pt x 773.89125pt>
File: /home/rahul/Desktop/cfd_fossee_book/book/cfd-openfoam/CHAPTERS/chap18/fig
ures/surf1.png Graphic file (type png)

<use /home/rahul/Desktop/cfd_fossee_book/book/cfd-openfoam/CHAPTERS/chap18/figu
res/surf1.png>
Package pdftex.def Info: /home/rahul/Desktop/cfd_fossee_book/book/cfd-openfoam/
CHAPTERS/chap18/figures/surf1.png used on input line 56.
(pdftex.def)             Requested size: 329.53606pt x 270.866pt.


LaTeX Warning: `h' float specifier changed to `ht'.

[70 </home/rahul/Desktop/cfd_fossee_book/book/cfd-openfoam/CHAPTERS/chap18/figu
res/geom.png>]
</home/rahul/Desktop/cfd_fossee_book/book/cfd-openfoam/CHAPTERS/chap18/figures/
inlet.png, id=338, 946.53625pt x 775.89874pt>
File: /home/rahul/Desktop/cfd_fossee_book/book/cfd-openfoam/CHAPTERS/chap18/fig
ures/inlet.png Graphic file (type png)

<use /home/rahul/Desktop/cfd_fossee_book/book/cfd-openfoam/CHAPTERS/chap18/figu
res/inlet.png>
Package pdftex.def Info: /home/rahul/Desktop/cfd_fossee_book/book/cfd-openfoam/
CHAPTERS/chap18/figures/inlet.png used on input line 70.
(pdftex.def)             Requested size: 331.29265pt x 271.56862pt.


LaTeX Warning: `h' float specifier changed to `ht'.


</home/rahul/Desktop/cfd_fossee_book/book/cfd-openfoam/CHAPTERS/chap18/figures/
out.png, id=339, 941.5175pt x 774.895pt>
File: /home/rahul/Desktop/cfd_fossee_book/book/cfd-openfoam/CHAPTERS/chap18/fig
ures/out.png Graphic file (type png)

<use /home/rahul/Desktop/cfd_fossee_book/book/cfd-openfoam/CHAPTERS/chap18/figu
res/out.png>
Package pdftex.def Info: /home/rahul/Desktop/cfd_fossee_book/book/cfd-openfoam/
CHAPTERS/chap18/figures/out.png used on input line 77.
(pdftex.def)             Requested size: 329.53606pt x 271.21732pt.


LaTeX Warning: `h' float specifier changed to `ht'.


</home/rahul/Desktop/cfd_fossee_book/book/cfd-openfoam/CHAPTERS/chap18/figures/
walls.png, id=340, 941.5175pt x 771.88374pt>
File: /home/rahul/Desktop/cfd_fossee_book/book/cfd-openfoam/CHAPTERS/chap18/fig
ures/walls.png Graphic file (type png)

<use /home/rahul/Desktop/cfd_fossee_book/book/cfd-openfoam/CHAPTERS/chap18/figu
res/walls.png>
Package pdftex.def Info: /home/rahul/Desktop/cfd_fossee_book/book/cfd-openfoam/
CHAPTERS/chap18/figures/walls.png used on input line 84.
(pdftex.def)             Requested size: 329.53606pt x 270.16335pt.


LaTeX Warning: `h' float specifier changed to `ht'.

[71 </home/rahul/Desktop/cfd_fossee_book/book/cfd-openfoam/CHAPTERS/chap18/figu
res/final.png>] [72 </home/rahul/Desktop/cfd_fossee_book/book/cfd-openfoam/CHAP
TERS/chap18/figures/surf.png>] [73 </home/rahul/Desktop/cfd_fossee_book/book/cf
d-openfoam/CHAPTERS/chap18/figures/surf1.png>]

LaTeX Warning: Reference `(' on page 74 undefined on input line 143.


LaTeX Warning: Reference `2d' on page 74 undefined on input line 143.


LaTeX Warning: Reference `3d' on page 74 undefined on input line 143.


</home/rahul/Desktop/cfd_fossee_book/book/cfd-openfoam/CHAPTERS/chap18/figures/
1d.png, id=351, 942.52126pt x 773.89125pt>
File: /home/rahul/Desktop/cfd_fossee_book/book/cfd-openfoam/CHAPTERS/chap18/fig
ures/1d.png Graphic file (type png)

<use /home/rahul/Desktop/cfd_fossee_book/book/cfd-openfoam/CHAPTERS/chap18/figu
res/1d.png>
Package pdftex.def Info: /home/rahul/Desktop/cfd_fossee_book/book/cfd-openfoam/
CHAPTERS/chap18/figures/1d.png used on input line 147.
(pdftex.def)             Requested size: 329.88739pt x 270.866pt.


LaTeX Warning: `h' float specifier changed to `ht'.


</home/rahul/Desktop/cfd_fossee_book/book/cfd-openfoam/CHAPTERS/chap18/figures/
2d.png, id=352, 944.52875pt x 773.89125pt>
File: /home/rahul/Desktop/cfd_fossee_book/book/cfd-openfoam/CHAPTERS/chap18/fig
ures/2d.png Graphic file (type png)

<use /home/rahul/Desktop/cfd_fossee_book/book/cfd-openfoam/CHAPTERS/chap18/figu
res/2d.png>
Package pdftex.def Info: /home/rahul/Desktop/cfd_fossee_book/book/cfd-openfoam/
CHAPTERS/chap18/figures/2d.png used on input line 154.
(pdftex.def)             Requested size: 330.59001pt x 270.866pt.


LaTeX Warning: `h' float specifier changed to `ht'.


</home/rahul/Desktop/cfd_fossee_book/book/cfd-openfoam/CHAPTERS/chap18/figures/
3d.png, id=353, 943.525pt x 774.895pt>
File: /home/rahul/Desktop/cfd_fossee_book/book/cfd-openfoam/CHAPTERS/chap18/fig
ures/3d.png Graphic file (type png)

<use /home/rahul/Desktop/cfd_fossee_book/book/cfd-openfoam/CHAPTERS/chap18/figu
res/3d.png>
Package pdftex.def Info: /home/rahul/Desktop/cfd_fossee_book/book/cfd-openfoam/
CHAPTERS/chap18/figures/3d.png used on input line 162.
(pdftex.def)             Requested size: 330.2387pt x 271.21732pt.


LaTeX Warning: `h' float specifier changed to `ht'.

) [74 </home/rahul/Desktop/cfd_fossee_book/book/cfd-openfoam/CHAPTERS/chap18/fi
gures/inlet.png>] [75 </home/rahul/Desktop/cfd_fossee_book/book/cfd-openfoam/CH
APTERS/chap18/figures/out.png>] [76 </home/rahul/Desktop/cfd_fossee_book/book/c
fd-openfoam/CHAPTERS/chap18/figures/walls.png>] [77 </home/rahul/Desktop/cfd_fo
ssee_book/book/cfd-openfoam/CHAPTERS/chap18/figures/1d.png>] [78 </home/rahul/D
esktop/cfd_fossee_book/book/cfd-openfoam/CHAPTERS/chap18/figures/2d.png>]
[79 </home/rahul/Desktop/cfd_fossee_book/book/cfd-openfoam/CHAPTERS/chap18/figu
res/3d.png>] (./tbc_book.aux)

LaTeX Warning: There were undefined references.


LaTeX Warning: There were multiply-defined labels.

 ) 
Here is how much of TeX's memory you used:
 6381 strings out of 495028
 118637 string characters out of 6181497
 176477 words of memory out of 5000000
 9369 multiletter control sequences out of 15000+600000
 11519 words of font info for 41 fonts, out of 8000000 for 9000
 16 hyphenation exceptions out of 8191
 44i,8n,43p,918b,400s stack positions out of 5000i,500n,10000p,200000b,80000s
</usr/share/texlive/texmf-dist/fonts/type1/public/amsfonts/cm/cmbx10.pfb></us
r/share/texlive/texmf-dist/fonts/type1/public/amsfonts/cm/cmbx12.pfb></usr/shar
e/texlive/texmf-dist/fonts/type1/public/amsfonts/cm/cmmi10.pfb></usr/share/texl
ive/texmf-dist/fonts/type1/public/amsfonts/cm/cmmi7.pfb></usr/share/texlive/tex
mf-dist/fonts/type1/public/amsfonts/cm/cmr10.pfb></usr/share/texlive/texmf-dist
/fonts/type1/public/amsfonts/cm/cmsl10.pfb></usr/share/texlive/texmf-dist/fonts
/type1/public/amsfonts/cm/cmsy10.pfb>
Output written on tbc_book.pdf (87 pages, 4491769 bytes).
PDF statistics:
 401 PDF objects out of 1000 (max. 8388607)
 216 compressed objects within 3 object streams
 0 named destinations out of 1000 (max. 500000)
 426 words of extra memory for PDF output out of 10000 (max. 10000000)

